2026-01-21 22:50:35,147 - [INFO] - QA_NINJA_BOT - === СИСТЕМА МОНИТОРИНГА КАЧЕСТВА ЗАПУЩЕНА ===
2026-01-21 22:50:36,048 - [INFO] - QA_NINJA_BOT - SYSTEM_READY - STATUS: POLLING_STARTED
2026-01-21 22:50:36,381 - [INFO] - httpx - HTTP Request: POST https://api.telegram.org/bot8469106065:AAFTuf6BK_JCCJC7rEx_qzVuwuLnACN7dSs/getMe "HTTP/1.1 200 OK"
2026-01-21 22:50:36,451 - [INFO] - httpx - HTTP Request: POST https://api.telegram.org/bot8469106065:AAFTuf6BK_JCCJC7rEx_qzVuwuLnACN7dSs/deleteWebhook "HTTP/1.1 200 OK"
2026-01-21 22:50:36,452 - [INFO] - telegram.ext.Application - Application started
2026-01-21 22:50:46,646 - [INFO] - httpx - HTTP Request: POST https://api.telegram.org/bot8469106065:AAFTuf6BK_JCCJC7rEx_qzVuwuLnACN7dSs/getUpdates "HTTP/1.1 200 OK"
2026-01-21 22:50:51,378 - [INFO] - QA_NINJA_BOT - === СИСТЕМА МОНИТОРИНГА КАЧЕСТВА ЗАПУЩЕНА ===
2026-01-21 22:50:52,196 - [INFO] - QA_NINJA_BOT - SYSTEM_READY - STATUS: POLLING_STARTED
2026-01-21 22:50:52,399 - [INFO] - httpx - HTTP Request: POST https://api.telegram.org/bot8469106065:AAFTuf6BK_JCCJC7rEx_qzVuwuLnACN7dSs/getMe "HTTP/1.1 200 OK"
2026-01-21 22:50:52,447 - [INFO] - httpx - HTTP Request: POST https://api.telegram.org/bot8469106065:AAFTuf6BK_JCCJC7rEx_qzVuwuLnACN7dSs/deleteWebhook "HTTP/1.1 200 OK"
2026-01-21 22:50:52,448 - [INFO] - telegram.ext.Application - Application started
2026-01-21 22:50:52,598 - [INFO] - httpx - HTTP Request: POST https://api.telegram.org/bot8469106065:AAFTuf6BK_JCCJC7rEx_qzVuwuLnACN7dSs/getUpdates "HTTP/1.1 409 Conflict"
2026-01-21 22:50:52,600 - [ERROR] - telegram.ext.Application - No error handlers are registered, logging exception.
Traceback (most recent call last):
  File "D:\PyCharm\Diploma-project\.venv\Lib\site-packages\telegram\ext\_utils\networkloop.py", line 134, in network_retry_loop
    await do_action()
  File "D:\PyCharm\Diploma-project\.venv\Lib\site-packages\telegram\ext\_utils\networkloop.py", line 127, in do_action
    action_cb_task.result()
    ~~~~~~~~~~~~~~~~~~~~~^^
  File "D:\PyCharm\Diploma-project\.venv\Lib\site-packages\telegram\ext\_updater.py", line 340, in polling_action_cb
    updates = await self.bot.get_updates(
              ^^^^^^^^^^^^^^^^^^^^^^^^^^^
    ...<3 lines>...
    )
    ^
  File "D:\PyCharm\Diploma-project\.venv\Lib\site-packages\telegram\ext\_extbot.py", line 676, in get_updates
    updates = await super().get_updates(
              ^^^^^^^^^^^^^^^^^^^^^^^^^^
    ...<9 lines>...
    )
    ^
  File "D:\PyCharm\Diploma-project\.venv\Lib\site-packages\telegram\_bot.py", line 4780, in get_updates
    await self._post(
    ^^^^^^^^^^^^^^^^^
    ...<7 lines>...
    ),
    ^
  File "D:\PyCharm\Diploma-project\.venv\Lib\site-packages\telegram\_bot.py", line 703, in _post
    return await self._do_post(
           ^^^^^^^^^^^^^^^^^^^^
    ...<6 lines>...
    )
    ^
  File "D:\PyCharm\Diploma-project\.venv\Lib\site-packages\telegram\ext\_extbot.py", line 372, in _do_post
    return await super()._do_post(
           ^^^^^^^^^^^^^^^^^^^^^^^
    ...<6 lines>...
    )
    ^
  File "D:\PyCharm\Diploma-project\.venv\Lib\site-packages\telegram\_bot.py", line 732, in _do_post
    result = await request.post(
             ^^^^^^^^^^^^^^^^^^^
    ...<6 lines>...
    )
    ^
  File "D:\PyCharm\Diploma-project\.venv\Lib\site-packages\telegram\request\_baserequest.py", line 198, in post
    result = await self._request_wrapper(
             ^^^^^^^^^^^^^^^^^^^^^^^^^^^^
    ...<7 lines>...
    )
    ^
  File "D:\PyCharm\Diploma-project\.venv\Lib\site-packages\telegram\request\_baserequest.py", line 375, in _request_wrapper
    raise exception
telegram.error.Conflict: Conflict: terminated by other getUpdates request; make sure that only one bot instance is running
2026-01-21 22:50:56,663 - [INFO] - httpx - HTTP Request: POST https://api.telegram.org/bot8469106065:AAFTuf6BK_JCCJC7rEx_qzVuwuLnACN7dSs/getUpdates "HTTP/1.1 409 Conflict"
2026-01-21 22:50:56,664 - [ERROR] - telegram.ext.Application - No error handlers are registered, logging exception.
Traceback (most recent call last):
  File "D:\PyCharm\Diploma-project\.venv\Lib\site-packages\telegram\ext\_utils\networkloop.py", line 134, in network_retry_loop
    await do_action()
  File "D:\PyCharm\Diploma-project\.venv\Lib\site-packages\telegram\ext\_utils\networkloop.py", line 127, in do_action
    action_cb_task.result()
    ~~~~~~~~~~~~~~~~~~~~~^^
  File "D:\PyCharm\Diploma-project\.venv\Lib\site-packages\telegram\ext\_updater.py", line 340, in polling_action_cb
    updates = await self.bot.get_updates(
              ^^^^^^^^^^^^^^^^^^^^^^^^^^^
    ...<3 lines>...
    )
    ^
  File "D:\PyCharm\Diploma-project\.venv\Lib\site-packages\telegram\ext\_extbot.py", line 676, in get_updates
    updates = await super().get_updates(
              ^^^^^^^^^^^^^^^^^^^^^^^^^^
    ...<9 lines>...
    )
    ^
  File "D:\PyCharm\Diploma-project\.venv\Lib\site-packages\telegram\_bot.py", line 4780, in get_updates
    await self._post(
    ^^^^^^^^^^^^^^^^^
    ...<7 lines>...
    ),
    ^
  File "D:\PyCharm\Diploma-project\.venv\Lib\site-packages\telegram\_bot.py", line 703, in _post
    return await self._do_post(
           ^^^^^^^^^^^^^^^^^^^^
    ...<6 lines>...
    )
    ^
  File "D:\PyCharm\Diploma-project\.venv\Lib\site-packages\telegram\ext\_extbot.py", line 372, in _do_post
    return await super()._do_post(
           ^^^^^^^^^^^^^^^^^^^^^^^
    ...<6 lines>...
    )
    ^
  File "D:\PyCharm\Diploma-project\.venv\Lib\site-packages\telegram\_bot.py", line 732, in _do_post
    result = await request.post(
             ^^^^^^^^^^^^^^^^^^^
    ...<6 lines>...
    )
    ^
  File "D:\PyCharm\Diploma-project\.venv\Lib\site-packages\telegram\request\_baserequest.py", line 198, in post
    result = await self._request_wrapper(
             ^^^^^^^^^^^^^^^^^^^^^^^^^^^^
    ...<7 lines>...
    )
    ^
  File "D:\PyCharm\Diploma-project\.venv\Lib\site-packages\telegram\request\_baserequest.py", line 375, in _request_wrapper
    raise exception
telegram.error.Conflict: Conflict: terminated by other getUpdates request; make sure that only one bot instance is running
2026-01-21 22:50:57,745 - [INFO] - httpx - HTTP Request: POST https://api.telegram.org/bot8469106065:AAFTuf6BK_JCCJC7rEx_qzVuwuLnACN7dSs/getUpdates "HTTP/1.1 409 Conflict"
2026-01-21 22:50:57,745 - [ERROR] - telegram.ext.Application - No error handlers are registered, logging exception.
Traceback (most recent call last):
  File "D:\PyCharm\Diploma-project\.venv\Lib\site-packages\telegram\ext\_utils\networkloop.py", line 134, in network_retry_loop
    await do_action()
  File "D:\PyCharm\Diploma-project\.venv\Lib\site-packages\telegram\ext\_utils\networkloop.py", line 127, in do_action
    action_cb_task.result()
    ~~~~~~~~~~~~~~~~~~~~~^^
  File "D:\PyCharm\Diploma-project\.venv\Lib\site-packages\telegram\ext\_updater.py", line 340, in polling_action_cb
    updates = await self.bot.get_updates(
              ^^^^^^^^^^^^^^^^^^^^^^^^^^^
    ...<3 lines>...
    )
    ^
  File "D:\PyCharm\Diploma-project\.venv\Lib\site-packages\telegram\ext\_extbot.py", line 676, in get_updates
    updates = await super().get_updates(
              ^^^^^^^^^^^^^^^^^^^^^^^^^^
    ...<9 lines>...
    )
    ^
  File "D:\PyCharm\Diploma-project\.venv\Lib\site-packages\telegram\_bot.py", line 4780, in get_updates
    await self._post(
    ^^^^^^^^^^^^^^^^^
    ...<7 lines>...
    ),
    ^
  File "D:\PyCharm\Diploma-project\.venv\Lib\site-packages\telegram\_bot.py", line 703, in _post
    return await self._do_post(
           ^^^^^^^^^^^^^^^^^^^^
    ...<6 lines>...
    )
    ^
  File "D:\PyCharm\Diploma-project\.venv\Lib\site-packages\telegram\ext\_extbot.py", line 372, in _do_post
    return await super()._do_post(
           ^^^^^^^^^^^^^^^^^^^^^^^
    ...<6 lines>...
    )
    ^
  File "D:\PyCharm\Diploma-project\.venv\Lib\site-packages\telegram\_bot.py", line 732, in _do_post
    result = await request.post(
             ^^^^^^^^^^^^^^^^^^^
    ...<6 lines>...
    )
    ^
  File "D:\PyCharm\Diploma-project\.venv\Lib\site-packages\telegram\request\_baserequest.py", line 198, in post
    result = await self._request_wrapper(
             ^^^^^^^^^^^^^^^^^^^^^^^^^^^^
    ...<7 lines>...
    )
    ^
  File "D:\PyCharm\Diploma-project\.venv\Lib\site-packages\telegram\request\_baserequest.py", line 375, in _request_wrapper
    raise exception
telegram.error.Conflict: Conflict: terminated by other getUpdates request; make sure that only one bot instance is running
2026-01-21 22:51:02,315 - [INFO] - httpx - HTTP Request: POST https://api.telegram.org/bot8469106065:AAFTuf6BK_JCCJC7rEx_qzVuwuLnACN7dSs/getUpdates "HTTP/1.1 409 Conflict"
2026-01-21 22:51:02,317 - [ERROR] - telegram.ext.Application - No error handlers are registered, logging exception.
Traceback (most recent call last):
  File "D:\PyCharm\Diploma-project\.venv\Lib\site-packages\telegram\ext\_utils\networkloop.py", line 134, in network_retry_loop
    await do_action()
  File "D:\PyCharm\Diploma-project\.venv\Lib\site-packages\telegram\ext\_utils\networkloop.py", line 127, in do_action
    action_cb_task.result()
    ~~~~~~~~~~~~~~~~~~~~~^^
  File "D:\PyCharm\Diploma-project\.venv\Lib\site-packages\telegram\ext\_updater.py", line 340, in polling_action_cb
    updates = await self.bot.get_updates(
              ^^^^^^^^^^^^^^^^^^^^^^^^^^^
    ...<3 lines>...
    )
    ^
  File "D:\PyCharm\Diploma-project\.venv\Lib\site-packages\telegram\ext\_extbot.py", line 676, in get_updates
    updates = await super().get_updates(
              ^^^^^^^^^^^^^^^^^^^^^^^^^^
    ...<9 lines>...
    )
    ^
  File "D:\PyCharm\Diploma-project\.venv\Lib\site-packages\telegram\_bot.py", line 4780, in get_updates
    await self._post(
    ^^^^^^^^^^^^^^^^^
    ...<7 lines>...
    ),
    ^
  File "D:\PyCharm\Diploma-project\.venv\Lib\site-packages\telegram\_bot.py", line 703, in _post
    return await self._do_post(
           ^^^^^^^^^^^^^^^^^^^^
    ...<6 lines>...
    )
    ^
  File "D:\PyCharm\Diploma-project\.venv\Lib\site-packages\telegram\ext\_extbot.py", line 372, in _do_post
    return await super()._do_post(
           ^^^^^^^^^^^^^^^^^^^^^^^
    ...<6 lines>...
    )
    ^
  File "D:\PyCharm\Diploma-project\.venv\Lib\site-packages\telegram\_bot.py", line 732, in _do_post
    result = await request.post(
             ^^^^^^^^^^^^^^^^^^^
    ...<6 lines>...
    )
    ^
  File "D:\PyCharm\Diploma-project\.venv\Lib\site-packages\telegram\request\_baserequest.py", line 198, in post
    result = await self._request_wrapper(
             ^^^^^^^^^^^^^^^^^^^^^^^^^^^^
    ...<7 lines>...
    )
    ^
  File "D:\PyCharm\Diploma-project\.venv\Lib\site-packages\telegram\request\_baserequest.py", line 375, in _request_wrapper
    raise exception
telegram.error.Conflict: Conflict: terminated by other getUpdates request; make sure that only one bot instance is running
2026-01-21 22:51:03,504 - [INFO] - httpx - HTTP Request: POST https://api.telegram.org/bot8469106065:AAFTuf6BK_JCCJC7rEx_qzVuwuLnACN7dSs/getUpdates "HTTP/1.1 200 OK"
2026-01-21 22:51:03,505 - [INFO] - telegram.ext.Application - Application is stopping. This might take a moment.
2026-01-21 22:51:03,505 - [INFO] - telegram.ext.Application - Application.stop() complete
2026-01-21 22:51:03,506 - [INFO] - QA_NINJA_BOT - SYSTEM_SHUTDOWN - STATUS: OFFLINE
2026-01-21 22:51:13,867 - [INFO] - httpx - HTTP Request: POST https://api.telegram.org/bot8469106065:AAFTuf6BK_JCCJC7rEx_qzVuwuLnACN7dSs/getUpdates "HTTP/1.1 200 OK"
2026-01-21 22:51:23,917 - [INFO] - httpx - HTTP Request: POST https://api.telegram.org/bot8469106065:AAFTuf6BK_JCCJC7rEx_qzVuwuLnACN7dSs/getUpdates "HTTP/1.1 200 OK"
2026-01-21 22:51:33,965 - [INFO] - httpx - HTTP Request: POST https://api.telegram.org/bot8469106065:AAFTuf6BK_JCCJC7rEx_qzVuwuLnACN7dSs/getUpdates "HTTP/1.1 200 OK"
2026-01-21 22:51:44,014 - [INFO] - httpx - HTTP Request: POST https://api.telegram.org/bot8469106065:AAFTuf6BK_JCCJC7rEx_qzVuwuLnACN7dSs/getUpdates "HTTP/1.1 200 OK"
2026-01-21 22:51:49,821 - [INFO] - httpx - HTTP Request: POST https://api.telegram.org/bot8469106065:AAFTuf6BK_JCCJC7rEx_qzVuwuLnACN7dSs/getUpdates "HTTP/1.1 200 OK"
2026-01-21 22:51:49,823 - [WARNING] - QA_NINJA_BOT - SYSTEM_CLEANUP_INITIATED - USER: @asperatus99
2026-01-21 22:51:50,054 - [INFO] - httpx - HTTP Request: POST https://api.telegram.org/bot8469106065:AAFTuf6BK_JCCJC7rEx_qzVuwuLnACN7dSs/sendMessage "HTTP/1.1 200 OK"
2026-01-21 22:51:50,059 - [INFO] - QA_NINJA_BOT - SYSTEM_CLEANUP_COMPLETE - FILES_REMOVED: 0
2026-01-21 22:51:50,184 - [INFO] - httpx - HTTP Request: POST https://api.telegram.org/bot8469106065:AAFTuf6BK_JCCJC7rEx_qzVuwuLnACN7dSs/sendMessage "HTTP/1.1 200 OK"
2026-01-21 22:51:57,077 - [INFO] - httpx - HTTP Request: POST https://api.telegram.org/bot8469106065:AAFTuf6BK_JCCJC7rEx_qzVuwuLnACN7dSs/getUpdates "HTTP/1.1 200 OK"
2026-01-21 22:51:57,262 - [INFO] - httpx - HTTP Request: POST https://api.telegram.org/bot8469106065:AAFTuf6BK_JCCJC7rEx_qzVuwuLnACN7dSs/sendMessage "HTTP/1.1 200 OK"
2026-01-21 22:52:07,127 - [INFO] - httpx - HTTP Request: POST https://api.telegram.org/bot8469106065:AAFTuf6BK_JCCJC7rEx_qzVuwuLnACN7dSs/getUpdates "HTTP/1.1 200 OK"
2026-01-21 22:52:17,177 - [INFO] - httpx - HTTP Request: POST https://api.telegram.org/bot8469106065:AAFTuf6BK_JCCJC7rEx_qzVuwuLnACN7dSs/getUpdates "HTTP/1.1 200 OK"
2026-01-21 22:52:22,615 - [INFO] - httpx - HTTP Request: POST https://api.telegram.org/bot8469106065:AAFTuf6BK_JCCJC7rEx_qzVuwuLnACN7dSs/getUpdates "HTTP/1.1 200 OK"
2026-01-21 22:52:22,615 - [INFO] - QA_NINJA_BOT - ACCESS_GRANTED - USER: @asperatus99 - SYSTEM: SENTINEL
2026-01-21 22:52:22,871 - [INFO] - httpx - HTTP Request: POST https://api.telegram.org/bot8469106065:AAFTuf6BK_JCCJC7rEx_qzVuwuLnACN7dSs/sendMessage "HTTP/1.1 200 OK"
2026-01-21 22:52:32,663 - [INFO] - httpx - HTTP Request: POST https://api.telegram.org/bot8469106065:AAFTuf6BK_JCCJC7rEx_qzVuwuLnACN7dSs/getUpdates "HTTP/1.1 200 OK"
2026-01-21 22:52:41,503 - [INFO] - httpx - HTTP Request: POST https://api.telegram.org/bot8469106065:AAFTuf6BK_JCCJC7rEx_qzVuwuLnACN7dSs/getUpdates "HTTP/1.1 200 OK"
2026-01-21 22:52:41,504 - [INFO] - QA_NINJA_BOT - ACCESS_GRANTED - USER: @asperatus99 - SYSTEM: SENTINEL
2026-01-21 22:52:41,706 - [INFO] - httpx - HTTP Request: POST https://api.telegram.org/bot8469106065:AAFTuf6BK_JCCJC7rEx_qzVuwuLnACN7dSs/sendMessage "HTTP/1.1 200 OK"
2026-01-21 22:52:46,915 - [INFO] - httpx - HTTP Request: POST https://api.telegram.org/bot8469106065:AAFTuf6BK_JCCJC7rEx_qzVuwuLnACN7dSs/getUpdates "HTTP/1.1 200 OK"
2026-01-21 22:52:46,916 - [INFO] - QA_NINJA_BOT - USER_ACTION - USER: @asperatus99 - CMD: /api
2026-01-21 22:52:47,094 - [INFO] - httpx - HTTP Request: POST https://api.telegram.org/bot8469106065:AAFTuf6BK_JCCJC7rEx_qzVuwuLnACN7dSs/sendMessage "HTTP/1.1 200 OK"
2026-01-21 22:52:47,095 - [INFO] - QA_NINJA_BOT - FILESYSTEM - ACTION: CLEANING_DIRECTORY - PATH: D:\PyCharm\Diploma-project\allure-results
2026-01-21 22:52:47,095 - [INFO] - QA_NINJA_BOT - FILESYSTEM - CLEANUP_COMPLETE - REMOVED: 0 files
2026-01-21 22:52:47,095 - [INFO] - QA_NINJA_BOT - AUDIT - USER: @asperatus99 - EXEC_CMD: pytest -s -v "D:\PyCharm\Diploma-project\alex_talako\pom_site\test\api" --alluredir="D:\PyCharm\Diploma-project\allure-results"
2026-01-21 22:52:47,110 - [INFO] - QA_NINJA_BOT - PROCESS_STARTED - PID: 11380 - USER: @asperatus99
2026-01-21 22:52:48,144 - [INFO] - httpx - HTTP Request: POST https://api.telegram.org/bot8469106065:AAFTuf6BK_JCCJC7rEx_qzVuwuLnACN7dSs/getUpdates "HTTP/1.1 200 OK"
2026-01-21 22:52:58,194 - [INFO] - httpx - HTTP Request: POST https://api.telegram.org/bot8469106065:AAFTuf6BK_JCCJC7rEx_qzVuwuLnACN7dSs/getUpdates "HTTP/1.1 200 OK"
2026-01-21 22:53:07,934 - [INFO] - httpx - HTTP Request: POST https://api.telegram.org/bot8469106065:AAFTuf6BK_JCCJC7rEx_qzVuwuLnACN7dSs/getUpdates "HTTP/1.1 200 OK"
2026-01-21 22:53:17,983 - [INFO] - httpx - HTTP Request: POST https://api.telegram.org/bot8469106065:AAFTuf6BK_JCCJC7rEx_qzVuwuLnACN7dSs/getUpdates "HTTP/1.1 200 OK"
2026-01-21 22:53:24,800 - [WARNING] - QA_NINJA_BOT - PROCESS_FAILED - PID: 11380 - EXIT_CODE: 1
2026-01-21 22:53:24,800 - [WARNING] - QA_NINJA_BOT - TEST_RESULTS - STATUS: FAILED - USER: @asperatus99
2026-01-21 22:53:25,017 - [INFO] - httpx - HTTP Request: POST https://api.telegram.org/bot8469106065:AAFTuf6BK_JCCJC7rEx_qzVuwuLnACN7dSs/sendMessage "HTTP/1.1 200 OK"
2026-01-21 22:53:25,017 - [INFO] - QA_NINJA_BOT - USER_ACTION - USER: @asperatus99 - CMD: /ui
2026-01-21 22:53:25,107 - [INFO] - httpx - HTTP Request: POST https://api.telegram.org/bot8469106065:AAFTuf6BK_JCCJC7rEx_qzVuwuLnACN7dSs/sendMessage "HTTP/1.1 200 OK"
2026-01-21 22:53:25,109 - [INFO] - QA_NINJA_BOT - FILESYSTEM - ACTION: CLEANING_DIRECTORY - PATH: D:\PyCharm\Diploma-project\allure-results
2026-01-21 22:53:25,174 - [INFO] - QA_NINJA_BOT - FILESYSTEM - CLEANUP_COMPLETE - REMOVED: 284 files
2026-01-21 22:53:25,174 - [INFO] - QA_NINJA_BOT - AUDIT - USER: @asperatus99 - EXEC_CMD: pytest -s -v "D:\PyCharm\Diploma-project\alex_talako\pom_site\test\ui" --alluredir="D:\PyCharm\Diploma-project\allure-results"
2026-01-21 22:53:25,184 - [INFO] - QA_NINJA_BOT - PROCESS_STARTED - PID: 13368 - USER: @asperatus99
2026-01-21 22:53:28,033 - [INFO] - httpx - HTTP Request: POST https://api.telegram.org/bot8469106065:AAFTuf6BK_JCCJC7rEx_qzVuwuLnACN7dSs/getUpdates "HTTP/1.1 200 OK"
2026-01-21 22:53:30,376 - [INFO] - httpx - HTTP Request: POST https://api.telegram.org/bot8469106065:AAFTuf6BK_JCCJC7rEx_qzVuwuLnACN7dSs/getUpdates "HTTP/1.1 200 OK"
2026-01-21 22:53:40,553 - [INFO] - httpx - HTTP Request: POST https://api.telegram.org/bot8469106065:AAFTuf6BK_JCCJC7rEx_qzVuwuLnACN7dSs/getUpdates "HTTP/1.1 200 OK"
2026-01-21 22:53:50,602 - [INFO] - httpx - HTTP Request: POST https://api.telegram.org/bot8469106065:AAFTuf6BK_JCCJC7rEx_qzVuwuLnACN7dSs/getUpdates "HTTP/1.1 200 OK"
2026-01-21 22:53:52,104 - [INFO] - httpx - HTTP Request: POST https://api.telegram.org/bot8469106065:AAFTuf6BK_JCCJC7rEx_qzVuwuLnACN7dSs/getUpdates "HTTP/1.1 200 OK"
2026-01-21 22:53:54,700 - [INFO] - httpx - HTTP Request: POST https://api.telegram.org/bot8469106065:AAFTuf6BK_JCCJC7rEx_qzVuwuLnACN7dSs/getUpdates "HTTP/1.1 200 OK"
2026-01-21 22:53:55,177 - [WARNING] - QA_NINJA_BOT - PROCESS_FAILED - PID: 13368 - EXIT_CODE: 1
2026-01-21 22:53:55,177 - [INFO] - QA_NINJA_BOT - ARTIFACTS - ACTION: SENDING_ERROR_SCREENSHOTS
2026-01-21 22:53:55,177 - [INFO] - QA_NINJA_BOT - ARTIFACTS - ACTION: SCANNING_SCREENSHOTS - PATH: D:\PyCharm\Diploma-project\screenshots
2026-01-21 22:53:55,178 - [INFO] - QA_NINJA_BOT - ARTIFACTS - STATUS: COMPLETE - SENT_AND_CLEANED: 0
2026-01-21 22:53:55,178 - [WARNING] - QA_NINJA_BOT - TEST_RESULTS - STATUS: UI_FAILED - USER: @asperatus99
2026-01-21 22:53:55,377 - [INFO] - httpx - HTTP Request: POST https://api.telegram.org/bot8469106065:AAFTuf6BK_JCCJC7rEx_qzVuwuLnACN7dSs/sendMessage "HTTP/1.1 200 OK"
2026-01-21 22:53:55,378 - [INFO] - QA_NINJA_BOT - USER_ACTION - USER: @asperatus99 - CMD: /locust_test - PARAMS: users=10, rate=1, time=1m
2026-01-21 22:53:55,477 - [INFO] - httpx - HTTP Request: POST https://api.telegram.org/bot8469106065:AAFTuf6BK_JCCJC7rEx_qzVuwuLnACN7dSs/sendMessage "HTTP/1.1 200 OK"
2026-01-21 22:53:55,479 - [INFO] - QA_NINJA_BOT - AUDIT - USER: @asperatus99 - EXEC_CMD: locust -f "D:\PyCharm\Diploma-project\alex_talako\pom_site\test\locust\load_test_main_page.py" --headless -u 10 -r 1 --run-time 1m --csv="D:\PyCharm\Diploma-project\locust_results\run_stat" --html="D:\PyCharm\Diploma-project\locust_results\report.html" --only-summary
2026-01-21 22:53:55,490 - [INFO] - QA_NINJA_BOT - PROCESS_STARTED - PID: 13348 - USER: @asperatus99
2026-01-21 22:54:04,747 - [INFO] - httpx - HTTP Request: POST https://api.telegram.org/bot8469106065:AAFTuf6BK_JCCJC7rEx_qzVuwuLnACN7dSs/getUpdates "HTTP/1.1 200 OK"
2026-01-21 22:54:14,796 - [INFO] - httpx - HTTP Request: POST https://api.telegram.org/bot8469106065:AAFTuf6BK_JCCJC7rEx_qzVuwuLnACN7dSs/getUpdates "HTTP/1.1 200 OK"
2026-01-21 22:54:24,845 - [INFO] - httpx - HTTP Request: POST https://api.telegram.org/bot8469106065:AAFTuf6BK_JCCJC7rEx_qzVuwuLnACN7dSs/getUpdates "HTTP/1.1 200 OK"
2026-01-21 22:54:34,891 - [INFO] - httpx - HTTP Request: POST https://api.telegram.org/bot8469106065:AAFTuf6BK_JCCJC7rEx_qzVuwuLnACN7dSs/getUpdates "HTTP/1.1 200 OK"
2026-01-21 22:54:44,941 - [INFO] - httpx - HTTP Request: POST https://api.telegram.org/bot8469106065:AAFTuf6BK_JCCJC7rEx_qzVuwuLnACN7dSs/getUpdates "HTTP/1.1 200 OK"
2026-01-21 22:54:54,991 - [INFO] - httpx - HTTP Request: POST https://api.telegram.org/bot8469106065:AAFTuf6BK_JCCJC7rEx_qzVuwuLnACN7dSs/getUpdates "HTTP/1.1 200 OK"
2026-01-21 22:54:56,584 - [WARNING] - QA_NINJA_BOT - PROCESS_FAILED - PID: 13348 - EXIT_CODE: 1
2026-01-21 22:54:56,584 - [INFO] - QA_NINJA_BOT - LOAD_TEST_EXECUTION_FINISHED
2026-01-21 22:54:56,817 - [INFO] - httpx - HTTP Request: POST https://api.telegram.org/bot8469106065:AAFTuf6BK_JCCJC7rEx_qzVuwuLnACN7dSs/sendMessage "HTTP/1.1 200 OK"
2026-01-21 22:54:57,423 - [INFO] - httpx - HTTP Request: POST https://api.telegram.org/bot8469106065:AAFTuf6BK_JCCJC7rEx_qzVuwuLnACN7dSs/sendDocument "HTTP/1.1 200 OK"
2026-01-21 22:54:57,427 - [INFO] - QA_NINJA_BOT - USER_ACTION - STOP_CMD - USER: @asperatus99 - STATUS: NO_ACTIVE_PROCESS
2026-01-21 22:54:57,510 - [INFO] - httpx - HTTP Request: POST https://api.telegram.org/bot8469106065:AAFTuf6BK_JCCJC7rEx_qzVuwuLnACN7dSs/sendMessage "HTTP/1.1 200 OK"
2026-01-21 22:54:57,511 - [INFO] - QA_NINJA_BOT - USER_ACTION - STOP_CMD - USER: @asperatus99 - STATUS: NO_ACTIVE_PROCESS
2026-01-21 22:54:57,597 - [INFO] - httpx - HTTP Request: POST https://api.telegram.org/bot8469106065:AAFTuf6BK_JCCJC7rEx_qzVuwuLnACN7dSs/sendMessage "HTTP/1.1 200 OK"
2026-01-21 22:54:57,598 - [WARNING] - QA_NINJA_BOT - SYSTEM_CLEANUP_INITIATED - USER: @asperatus99
2026-01-21 22:54:57,691 - [INFO] - httpx - HTTP Request: POST https://api.telegram.org/bot8469106065:AAFTuf6BK_JCCJC7rEx_qzVuwuLnACN7dSs/sendMessage "HTTP/1.1 200 OK"
2026-01-21 22:54:57,696 - [INFO] - QA_NINJA_BOT - SYSTEM_CLEANUP_COMPLETE - FILES_REMOVED: 25
2026-01-21 22:54:57,777 - [INFO] - httpx - HTTP Request: POST https://api.telegram.org/bot8469106065:AAFTuf6BK_JCCJC7rEx_qzVuwuLnACN7dSs/sendMessage "HTTP/1.1 200 OK"
2026-01-21 22:55:05,039 - [INFO] - httpx - HTTP Request: POST https://api.telegram.org/bot8469106065:AAFTuf6BK_JCCJC7rEx_qzVuwuLnACN7dSs/getUpdates "HTTP/1.1 200 OK"
2026-01-21 22:55:15,092 - [INFO] - httpx - HTTP Request: POST https://api.telegram.org/bot8469106065:AAFTuf6BK_JCCJC7rEx_qzVuwuLnACN7dSs/getUpdates "HTTP/1.1 200 OK"
2026-01-21 22:55:25,142 - [INFO] - httpx - HTTP Request: POST https://api.telegram.org/bot8469106065:AAFTuf6BK_JCCJC7rEx_qzVuwuLnACN7dSs/getUpdates "HTTP/1.1 200 OK"
2026-01-21 22:55:35,192 - [INFO] - httpx - HTTP Request: POST https://api.telegram.org/bot8469106065:AAFTuf6BK_JCCJC7rEx_qzVuwuLnACN7dSs/getUpdates "HTTP/1.1 200 OK"
2026-01-21 22:55:45,242 - [INFO] - httpx - HTTP Request: POST https://api.telegram.org/bot8469106065:AAFTuf6BK_JCCJC7rEx_qzVuwuLnACN7dSs/getUpdates "HTTP/1.1 200 OK"
2026-01-21 22:55:55,290 - [INFO] - httpx - HTTP Request: POST https://api.telegram.org/bot8469106065:AAFTuf6BK_JCCJC7rEx_qzVuwuLnACN7dSs/getUpdates "HTTP/1.1 200 OK"
2026-01-21 22:56:05,340 - [INFO] - httpx - HTTP Request: POST https://api.telegram.org/bot8469106065:AAFTuf6BK_JCCJC7rEx_qzVuwuLnACN7dSs/getUpdates "HTTP/1.1 200 OK"
2026-01-21 22:56:15,388 - [INFO] - httpx - HTTP Request: POST https://api.telegram.org/bot8469106065:AAFTuf6BK_JCCJC7rEx_qzVuwuLnACN7dSs/getUpdates "HTTP/1.1 200 OK"
2026-01-21 22:56:25,436 - [INFO] - httpx - HTTP Request: POST https://api.telegram.org/bot8469106065:AAFTuf6BK_JCCJC7rEx_qzVuwuLnACN7dSs/getUpdates "HTTP/1.1 200 OK"
2026-01-21 22:56:35,491 - [INFO] - httpx - HTTP Request: POST https://api.telegram.org/bot8469106065:AAFTuf6BK_JCCJC7rEx_qzVuwuLnACN7dSs/getUpdates "HTTP/1.1 200 OK"
2026-01-21 22:56:45,540 - [INFO] - httpx - HTTP Request: POST https://api.telegram.org/bot8469106065:AAFTuf6BK_JCCJC7rEx_qzVuwuLnACN7dSs/getUpdates "HTTP/1.1 200 OK"
2026-01-21 22:56:55,592 - [INFO] - httpx - HTTP Request: POST https://api.telegram.org/bot8469106065:AAFTuf6BK_JCCJC7rEx_qzVuwuLnACN7dSs/getUpdates "HTTP/1.1 200 OK"
2026-01-21 22:57:05,642 - [INFO] - httpx - HTTP Request: POST https://api.telegram.org/bot8469106065:AAFTuf6BK_JCCJC7rEx_qzVuwuLnACN7dSs/getUpdates "HTTP/1.1 200 OK"
2026-01-21 22:57:15,691 - [INFO] - httpx - HTTP Request: POST https://api.telegram.org/bot8469106065:AAFTuf6BK_JCCJC7rEx_qzVuwuLnACN7dSs/getUpdates "HTTP/1.1 200 OK"
2026-01-21 22:57:25,740 - [INFO] - httpx - HTTP Request: POST https://api.telegram.org/bot8469106065:AAFTuf6BK_JCCJC7rEx_qzVuwuLnACN7dSs/getUpdates "HTTP/1.1 200 OK"
2026-01-21 22:57:35,787 - [INFO] - httpx - HTTP Request: POST https://api.telegram.org/bot8469106065:AAFTuf6BK_JCCJC7rEx_qzVuwuLnACN7dSs/getUpdates "HTTP/1.1 200 OK"
2026-01-21 22:57:45,849 - [INFO] - httpx - HTTP Request: POST https://api.telegram.org/bot8469106065:AAFTuf6BK_JCCJC7rEx_qzVuwuLnACN7dSs/getUpdates "HTTP/1.1 200 OK"
2026-01-21 22:57:55,898 - [INFO] - httpx - HTTP Request: POST https://api.telegram.org/bot8469106065:AAFTuf6BK_JCCJC7rEx_qzVuwuLnACN7dSs/getUpdates "HTTP/1.1 200 OK"
2026-01-21 22:58:05,948 - [INFO] - httpx - HTTP Request: POST https://api.telegram.org/bot8469106065:AAFTuf6BK_JCCJC7rEx_qzVuwuLnACN7dSs/getUpdates "HTTP/1.1 200 OK"
2026-01-21 22:58:15,995 - [INFO] - httpx - HTTP Request: POST https://api.telegram.org/bot8469106065:AAFTuf6BK_JCCJC7rEx_qzVuwuLnACN7dSs/getUpdates "HTTP/1.1 200 OK"
2026-01-21 22:58:26,045 - [INFO] - httpx - HTTP Request: POST https://api.telegram.org/bot8469106065:AAFTuf6BK_JCCJC7rEx_qzVuwuLnACN7dSs/getUpdates "HTTP/1.1 200 OK"
2026-01-21 22:58:36,096 - [INFO] - httpx - HTTP Request: POST https://api.telegram.org/bot8469106065:AAFTuf6BK_JCCJC7rEx_qzVuwuLnACN7dSs/getUpdates "HTTP/1.1 200 OK"
2026-01-21 22:58:46,147 - [INFO] - httpx - HTTP Request: POST https://api.telegram.org/bot8469106065:AAFTuf6BK_JCCJC7rEx_qzVuwuLnACN7dSs/getUpdates "HTTP/1.1 200 OK"
2026-01-21 22:58:56,198 - [INFO] - httpx - HTTP Request: POST https://api.telegram.org/bot8469106065:AAFTuf6BK_JCCJC7rEx_qzVuwuLnACN7dSs/getUpdates "HTTP/1.1 200 OK"
2026-01-21 22:59:06,250 - [INFO] - httpx - HTTP Request: POST https://api.telegram.org/bot8469106065:AAFTuf6BK_JCCJC7rEx_qzVuwuLnACN7dSs/getUpdates "HTTP/1.1 200 OK"
2026-01-21 22:59:16,297 - [INFO] - httpx - HTTP Request: POST https://api.telegram.org/bot8469106065:AAFTuf6BK_JCCJC7rEx_qzVuwuLnACN7dSs/getUpdates "HTTP/1.1 200 OK"
2026-01-21 22:59:26,345 - [INFO] - httpx - HTTP Request: POST https://api.telegram.org/bot8469106065:AAFTuf6BK_JCCJC7rEx_qzVuwuLnACN7dSs/getUpdates "HTTP/1.1 200 OK"
2026-01-21 22:59:36,394 - [INFO] - httpx - HTTP Request: POST https://api.telegram.org/bot8469106065:AAFTuf6BK_JCCJC7rEx_qzVuwuLnACN7dSs/getUpdates "HTTP/1.1 200 OK"
2026-01-21 22:59:46,443 - [INFO] - httpx - HTTP Request: POST https://api.telegram.org/bot8469106065:AAFTuf6BK_JCCJC7rEx_qzVuwuLnACN7dSs/getUpdates "HTTP/1.1 200 OK"
2026-01-21 22:59:56,491 - [INFO] - httpx - HTTP Request: POST https://api.telegram.org/bot8469106065:AAFTuf6BK_JCCJC7rEx_qzVuwuLnACN7dSs/getUpdates "HTTP/1.1 200 OK"
2026-01-21 23:00:06,538 - [INFO] - httpx - HTTP Request: POST https://api.telegram.org/bot8469106065:AAFTuf6BK_JCCJC7rEx_qzVuwuLnACN7dSs/getUpdates "HTTP/1.1 200 OK"
2026-01-21 23:00:16,586 - [INFO] - httpx - HTTP Request: POST https://api.telegram.org/bot8469106065:AAFTuf6BK_JCCJC7rEx_qzVuwuLnACN7dSs/getUpdates "HTTP/1.1 200 OK"
2026-01-21 23:00:26,634 - [INFO] - httpx - HTTP Request: POST https://api.telegram.org/bot8469106065:AAFTuf6BK_JCCJC7rEx_qzVuwuLnACN7dSs/getUpdates "HTTP/1.1 200 OK"
2026-01-21 23:00:36,683 - [INFO] - httpx - HTTP Request: POST https://api.telegram.org/bot8469106065:AAFTuf6BK_JCCJC7rEx_qzVuwuLnACN7dSs/getUpdates "HTTP/1.1 200 OK"
2026-01-21 23:00:46,733 - [INFO] - httpx - HTTP Request: POST https://api.telegram.org/bot8469106065:AAFTuf6BK_JCCJC7rEx_qzVuwuLnACN7dSs/getUpdates "HTTP/1.1 200 OK"
2026-01-21 23:00:56,781 - [INFO] - httpx - HTTP Request: POST https://api.telegram.org/bot8469106065:AAFTuf6BK_JCCJC7rEx_qzVuwuLnACN7dSs/getUpdates "HTTP/1.1 200 OK"
2026-01-21 23:01:06,829 - [INFO] - httpx - HTTP Request: POST https://api.telegram.org/bot8469106065:AAFTuf6BK_JCCJC7rEx_qzVuwuLnACN7dSs/getUpdates "HTTP/1.1 200 OK"
2026-01-21 23:01:16,877 - [INFO] - httpx - HTTP Request: POST https://api.telegram.org/bot8469106065:AAFTuf6BK_JCCJC7rEx_qzVuwuLnACN7dSs/getUpdates "HTTP/1.1 200 OK"
2026-01-21 23:01:26,968 - [INFO] - httpx - HTTP Request: POST https://api.telegram.org/bot8469106065:AAFTuf6BK_JCCJC7rEx_qzVuwuLnACN7dSs/getUpdates "HTTP/1.1 200 OK"
2026-01-21 23:01:37,015 - [INFO] - httpx - HTTP Request: POST https://api.telegram.org/bot8469106065:AAFTuf6BK_JCCJC7rEx_qzVuwuLnACN7dSs/getUpdates "HTTP/1.1 200 OK"
2026-01-21 23:01:47,069 - [INFO] - httpx - HTTP Request: POST https://api.telegram.org/bot8469106065:AAFTuf6BK_JCCJC7rEx_qzVuwuLnACN7dSs/getUpdates "HTTP/1.1 200 OK"
2026-01-21 23:01:57,117 - [INFO] - httpx - HTTP Request: POST https://api.telegram.org/bot8469106065:AAFTuf6BK_JCCJC7rEx_qzVuwuLnACN7dSs/getUpdates "HTTP/1.1 200 OK"
2026-01-21 23:02:07,165 - [INFO] - httpx - HTTP Request: POST https://api.telegram.org/bot8469106065:AAFTuf6BK_JCCJC7rEx_qzVuwuLnACN7dSs/getUpdates "HTTP/1.1 200 OK"
2026-01-21 23:02:17,214 - [INFO] - httpx - HTTP Request: POST https://api.telegram.org/bot8469106065:AAFTuf6BK_JCCJC7rEx_qzVuwuLnACN7dSs/getUpdates "HTTP/1.1 200 OK"
2026-01-21 23:02:27,262 - [INFO] - httpx - HTTP Request: POST https://api.telegram.org/bot8469106065:AAFTuf6BK_JCCJC7rEx_qzVuwuLnACN7dSs/getUpdates "HTTP/1.1 200 OK"
2026-01-21 23:02:37,311 - [INFO] - httpx - HTTP Request: POST https://api.telegram.org/bot8469106065:AAFTuf6BK_JCCJC7rEx_qzVuwuLnACN7dSs/getUpdates "HTTP/1.1 200 OK"
2026-01-21 23:02:47,370 - [INFO] - httpx - HTTP Request: POST https://api.telegram.org/bot8469106065:AAFTuf6BK_JCCJC7rEx_qzVuwuLnACN7dSs/getUpdates "HTTP/1.1 200 OK"
2026-01-21 23:02:57,419 - [INFO] - httpx - HTTP Request: POST https://api.telegram.org/bot8469106065:AAFTuf6BK_JCCJC7rEx_qzVuwuLnACN7dSs/getUpdates "HTTP/1.1 200 OK"
2026-01-21 23:03:07,467 - [INFO] - httpx - HTTP Request: POST https://api.telegram.org/bot8469106065:AAFTuf6BK_JCCJC7rEx_qzVuwuLnACN7dSs/getUpdates "HTTP/1.1 200 OK"
2026-01-21 23:03:17,515 - [INFO] - httpx - HTTP Request: POST https://api.telegram.org/bot8469106065:AAFTuf6BK_JCCJC7rEx_qzVuwuLnACN7dSs/getUpdates "HTTP/1.1 200 OK"
2026-01-21 23:03:27,564 - [INFO] - httpx - HTTP Request: POST https://api.telegram.org/bot8469106065:AAFTuf6BK_JCCJC7rEx_qzVuwuLnACN7dSs/getUpdates "HTTP/1.1 200 OK"
2026-01-21 23:03:37,613 - [INFO] - httpx - HTTP Request: POST https://api.telegram.org/bot8469106065:AAFTuf6BK_JCCJC7rEx_qzVuwuLnACN7dSs/getUpdates "HTTP/1.1 200 OK"
2026-01-21 23:03:47,660 - [INFO] - httpx - HTTP Request: POST https://api.telegram.org/bot8469106065:AAFTuf6BK_JCCJC7rEx_qzVuwuLnACN7dSs/getUpdates "HTTP/1.1 200 OK"
2026-01-21 23:03:57,707 - [INFO] - httpx - HTTP Request: POST https://api.telegram.org/bot8469106065:AAFTuf6BK_JCCJC7rEx_qzVuwuLnACN7dSs/getUpdates "HTTP/1.1 200 OK"
2026-01-21 23:27:28,388 - [INFO] - SENTINEL_SYSTEM - === СИСТЕМА SENTINEL ЗАПУЩЕНА ===
2026-01-21 23:27:29,254 - [INFO] - SENTINEL_SYSTEM - SYSTEM_READY - STATUS: POLLING_STARTED
2026-01-21 23:27:29,637 - [INFO] - httpx - HTTP Request: POST https://api.telegram.org/bot8469106065:AAFTuf6BK_JCCJC7rEx_qzVuwuLnACN7dSs/getMe "HTTP/1.1 200 OK"
2026-01-21 23:27:29,701 - [INFO] - httpx - HTTP Request: POST https://api.telegram.org/bot8469106065:AAFTuf6BK_JCCJC7rEx_qzVuwuLnACN7dSs/deleteWebhook "HTTP/1.1 200 OK"
2026-01-21 23:27:29,704 - [INFO] - telegram.ext.Application - Application started
2026-01-21 23:27:39,915 - [INFO] - httpx - HTTP Request: POST https://api.telegram.org/bot8469106065:AAFTuf6BK_JCCJC7rEx_qzVuwuLnACN7dSs/getUpdates "HTTP/1.1 200 OK"
2026-01-21 23:27:49,990 - [INFO] - httpx - HTTP Request: POST https://api.telegram.org/bot8469106065:AAFTuf6BK_JCCJC7rEx_qzVuwuLnACN7dSs/getUpdates "HTTP/1.1 200 OK"
2026-01-21 23:28:00,055 - [INFO] - httpx - HTTP Request: POST https://api.telegram.org/bot8469106065:AAFTuf6BK_JCCJC7rEx_qzVuwuLnACN7dSs/getUpdates "HTTP/1.1 200 OK"
2026-01-21 23:28:06,832 - [INFO] - httpx - HTTP Request: POST https://api.telegram.org/bot8469106065:AAFTuf6BK_JCCJC7rEx_qzVuwuLnACN7dSs/getUpdates "HTTP/1.1 200 OK"
2026-01-21 23:28:06,835 - [INFO] - SENTINEL_SYSTEM - ACCESS_GRANTED - USER: @asperatus99 - SYSTEM: SENTINEL
2026-01-21 23:28:07,073 - [INFO] - httpx - HTTP Request: POST https://api.telegram.org/bot8469106065:AAFTuf6BK_JCCJC7rEx_qzVuwuLnACN7dSs/sendMessage "HTTP/1.1 200 OK"
2026-01-21 23:28:16,899 - [INFO] - httpx - HTTP Request: POST https://api.telegram.org/bot8469106065:AAFTuf6BK_JCCJC7rEx_qzVuwuLnACN7dSs/getUpdates "HTTP/1.1 200 OK"
2026-01-21 23:28:23,129 - [INFO] - httpx - HTTP Request: POST https://api.telegram.org/bot8469106065:AAFTuf6BK_JCCJC7rEx_qzVuwuLnACN7dSs/getUpdates "HTTP/1.1 200 OK"
2026-01-21 23:28:23,449 - [INFO] - httpx - HTTP Request: POST https://api.telegram.org/bot8469106065:AAFTuf6BK_JCCJC7rEx_qzVuwuLnACN7dSs/sendMessage "HTTP/1.1 200 OK"
2026-01-21 23:28:33,195 - [INFO] - httpx - HTTP Request: POST https://api.telegram.org/bot8469106065:AAFTuf6BK_JCCJC7rEx_qzVuwuLnACN7dSs/getUpdates "HTTP/1.1 200 OK"
2026-01-21 23:28:43,259 - [INFO] - httpx - HTTP Request: POST https://api.telegram.org/bot8469106065:AAFTuf6BK_JCCJC7rEx_qzVuwuLnACN7dSs/getUpdates "HTTP/1.1 200 OK"
2026-01-21 23:28:46,132 - [INFO] - httpx - HTTP Request: POST https://api.telegram.org/bot8469106065:AAFTuf6BK_JCCJC7rEx_qzVuwuLnACN7dSs/getUpdates "HTTP/1.1 200 OK"
2026-01-21 23:28:46,133 - [INFO] - SENTINEL_SYSTEM - USER_ACTION - USER: @asperatus99 - CMD: /api
2026-01-21 23:28:46,299 - [INFO] - httpx - HTTP Request: POST https://api.telegram.org/bot8469106065:AAFTuf6BK_JCCJC7rEx_qzVuwuLnACN7dSs/sendMessage "HTTP/1.1 200 OK"
2026-01-21 23:28:46,300 - [INFO] - SENTINEL_SYSTEM - FILESYSTEM - ACTION: CLEANING_DIRECTORY - PATH: D:\PyCharm\Diploma-project\allure-results
2026-01-21 23:28:46,301 - [INFO] - SENTINEL_SYSTEM - FILESYSTEM - CLEANUP_COMPLETE - REMOVED: 0 files
2026-01-21 23:28:46,301 - [INFO] - SENTINEL_SYSTEM - AUDIT - USER: @asperatus99 - EXEC_CMD: pytest -s -v "D:\PyCharm\Diploma-project\alex_talako\pom_site\test\api" --alluredir="D:\PyCharm\Diploma-project\allure-results"
2026-01-21 23:28:46,317 - [INFO] - SENTINEL_SYSTEM - PROCESS_STARTED - PID: 2148 - USER: @asperatus99
2026-01-21 23:28:47,800 - [INFO] - httpx - HTTP Request: POST https://api.telegram.org/bot8469106065:AAFTuf6BK_JCCJC7rEx_qzVuwuLnACN7dSs/getUpdates "HTTP/1.1 200 OK"
2026-01-21 23:28:57,861 - [INFO] - httpx - HTTP Request: POST https://api.telegram.org/bot8469106065:AAFTuf6BK_JCCJC7rEx_qzVuwuLnACN7dSs/getUpdates "HTTP/1.1 200 OK"
2026-01-21 23:29:07,930 - [INFO] - httpx - HTTP Request: POST https://api.telegram.org/bot8469106065:AAFTuf6BK_JCCJC7rEx_qzVuwuLnACN7dSs/getUpdates "HTTP/1.1 200 OK"
2026-01-21 23:29:18,082 - [INFO] - httpx - HTTP Request: POST https://api.telegram.org/bot8469106065:AAFTuf6BK_JCCJC7rEx_qzVuwuLnACN7dSs/getUpdates "HTTP/1.1 200 OK"
2026-01-21 23:29:23,747 - [WARNING] - SENTINEL_SYSTEM - PROCESS_FAILED - PID: 2148 - EXIT_CODE: 1 - USER: @asperatus99
2026-01-21 23:29:23,747 - [WARNING] - SENTINEL_SYSTEM - TEST_RESULTS - STATUS: FAILED - USER: @asperatus99
2026-01-21 23:29:23,979 - [INFO] - httpx - HTTP Request: POST https://api.telegram.org/bot8469106065:AAFTuf6BK_JCCJC7rEx_qzVuwuLnACN7dSs/sendMessage "HTTP/1.1 200 OK"
2026-01-21 23:29:23,981 - [INFO] - SENTINEL_SYSTEM - USER_ACTION - USER: @asperatus99 - CMD: /locust_test - PARAMS: users=10, rate=1, time=1m
2026-01-21 23:29:24,064 - [INFO] - httpx - HTTP Request: POST https://api.telegram.org/bot8469106065:AAFTuf6BK_JCCJC7rEx_qzVuwuLnACN7dSs/sendMessage "HTTP/1.1 200 OK"
2026-01-21 23:29:24,065 - [INFO] - SENTINEL_SYSTEM - AUDIT - USER: @asperatus99 - EXEC_CMD: locust -f "D:\PyCharm\Diploma-project\alex_talako\pom_site\test\locust\load_test_main_page.py" --headless -u 10 -r 1 --run-time 1m --csv="D:\PyCharm\Diploma-project\locust_results\run_stat" --html="D:\PyCharm\Diploma-project\locust_results\report.html" --only-summary
2026-01-21 23:29:24,074 - [INFO] - SENTINEL_SYSTEM - PROCESS_STARTED - PID: 11308 - USER: @asperatus99
2026-01-21 23:29:28,149 - [INFO] - httpx - HTTP Request: POST https://api.telegram.org/bot8469106065:AAFTuf6BK_JCCJC7rEx_qzVuwuLnACN7dSs/getUpdates "HTTP/1.1 200 OK"
2026-01-21 23:29:38,219 - [INFO] - httpx - HTTP Request: POST https://api.telegram.org/bot8469106065:AAFTuf6BK_JCCJC7rEx_qzVuwuLnACN7dSs/getUpdates "HTTP/1.1 200 OK"
2026-01-21 23:29:48,291 - [INFO] - httpx - HTTP Request: POST https://api.telegram.org/bot8469106065:AAFTuf6BK_JCCJC7rEx_qzVuwuLnACN7dSs/getUpdates "HTTP/1.1 200 OK"
2026-01-21 23:29:58,488 - [INFO] - httpx - HTTP Request: POST https://api.telegram.org/bot8469106065:AAFTuf6BK_JCCJC7rEx_qzVuwuLnACN7dSs/getUpdates "HTTP/1.1 200 OK"
2026-01-21 23:30:08,559 - [INFO] - httpx - HTTP Request: POST https://api.telegram.org/bot8469106065:AAFTuf6BK_JCCJC7rEx_qzVuwuLnACN7dSs/getUpdates "HTTP/1.1 200 OK"
2026-01-21 23:30:18,633 - [INFO] - httpx - HTTP Request: POST https://api.telegram.org/bot8469106065:AAFTuf6BK_JCCJC7rEx_qzVuwuLnACN7dSs/getUpdates "HTTP/1.1 200 OK"
2026-01-21 23:30:25,039 - [WARNING] - SENTINEL_SYSTEM - PROCESS_FAILED - PID: 11308 - EXIT_CODE: 1 - USER: @asperatus99
2026-01-21 23:30:25,040 - [INFO] - SENTINEL_SYSTEM - LOAD_TEST_EXECUTION_FINISHED
2026-01-21 23:30:25,248 - [INFO] - httpx - HTTP Request: POST https://api.telegram.org/bot8469106065:AAFTuf6BK_JCCJC7rEx_qzVuwuLnACN7dSs/sendMessage "HTTP/1.1 200 OK"
2026-01-21 23:30:25,802 - [INFO] - httpx - HTTP Request: POST https://api.telegram.org/bot8469106065:AAFTuf6BK_JCCJC7rEx_qzVuwuLnACN7dSs/sendDocument "HTTP/1.1 200 OK"
2026-01-21 23:30:28,696 - [INFO] - httpx - HTTP Request: POST https://api.telegram.org/bot8469106065:AAFTuf6BK_JCCJC7rEx_qzVuwuLnACN7dSs/getUpdates "HTTP/1.1 200 OK"
2026-01-21 23:30:38,758 - [INFO] - httpx - HTTP Request: POST https://api.telegram.org/bot8469106065:AAFTuf6BK_JCCJC7rEx_qzVuwuLnACN7dSs/getUpdates "HTTP/1.1 200 OK"
2026-01-21 23:30:48,826 - [INFO] - httpx - HTTP Request: POST https://api.telegram.org/bot8469106065:AAFTuf6BK_JCCJC7rEx_qzVuwuLnACN7dSs/getUpdates "HTTP/1.1 200 OK"
2026-01-21 23:30:58,896 - [INFO] - httpx - HTTP Request: POST https://api.telegram.org/bot8469106065:AAFTuf6BK_JCCJC7rEx_qzVuwuLnACN7dSs/getUpdates "HTTP/1.1 200 OK"
2026-01-21 23:31:08,972 - [INFO] - httpx - HTTP Request: POST https://api.telegram.org/bot8469106065:AAFTuf6BK_JCCJC7rEx_qzVuwuLnACN7dSs/getUpdates "HTTP/1.1 200 OK"
2026-01-21 23:31:19,035 - [INFO] - httpx - HTTP Request: POST https://api.telegram.org/bot8469106065:AAFTuf6BK_JCCJC7rEx_qzVuwuLnACN7dSs/getUpdates "HTTP/1.1 200 OK"
2026-01-21 23:31:29,109 - [INFO] - httpx - HTTP Request: POST https://api.telegram.org/bot8469106065:AAFTuf6BK_JCCJC7rEx_qzVuwuLnACN7dSs/getUpdates "HTTP/1.1 200 OK"
2026-01-21 23:31:39,173 - [INFO] - httpx - HTTP Request: POST https://api.telegram.org/bot8469106065:AAFTuf6BK_JCCJC7rEx_qzVuwuLnACN7dSs/getUpdates "HTTP/1.1 200 OK"
2026-01-21 23:31:49,236 - [INFO] - httpx - HTTP Request: POST https://api.telegram.org/bot8469106065:AAFTuf6BK_JCCJC7rEx_qzVuwuLnACN7dSs/getUpdates "HTTP/1.1 200 OK"
2026-01-21 23:31:59,300 - [INFO] - httpx - HTTP Request: POST https://api.telegram.org/bot8469106065:AAFTuf6BK_JCCJC7rEx_qzVuwuLnACN7dSs/getUpdates "HTTP/1.1 200 OK"
2026-01-21 23:32:09,363 - [INFO] - httpx - HTTP Request: POST https://api.telegram.org/bot8469106065:AAFTuf6BK_JCCJC7rEx_qzVuwuLnACN7dSs/getUpdates "HTTP/1.1 200 OK"
2026-01-21 23:32:19,431 - [INFO] - httpx - HTTP Request: POST https://api.telegram.org/bot8469106065:AAFTuf6BK_JCCJC7rEx_qzVuwuLnACN7dSs/getUpdates "HTTP/1.1 200 OK"
2026-01-21 23:32:29,492 - [INFO] - httpx - HTTP Request: POST https://api.telegram.org/bot8469106065:AAFTuf6BK_JCCJC7rEx_qzVuwuLnACN7dSs/getUpdates "HTTP/1.1 200 OK"
2026-01-21 23:32:36,853 - [INFO] - httpx - HTTP Request: POST https://api.telegram.org/bot8469106065:AAFTuf6BK_JCCJC7rEx_qzVuwuLnACN7dSs/getUpdates "HTTP/1.1 200 OK"
2026-01-21 23:32:36,855 - [INFO] - SENTINEL_SYSTEM - USER_ACTION - USER: @asperatus99 - CMD: /api
2026-01-21 23:32:37,043 - [INFO] - httpx - HTTP Request: POST https://api.telegram.org/bot8469106065:AAFTuf6BK_JCCJC7rEx_qzVuwuLnACN7dSs/sendMessage "HTTP/1.1 200 OK"
2026-01-21 23:32:37,044 - [INFO] - SENTINEL_SYSTEM - FILESYSTEM - ACTION: CLEANING_DIRECTORY - PATH: D:\PyCharm\Diploma-project\allure-results
2026-01-21 23:32:37,108 - [INFO] - SENTINEL_SYSTEM - FILESYSTEM - CLEANUP_COMPLETE - REMOVED: 284 files
2026-01-21 23:32:37,108 - [INFO] - SENTINEL_SYSTEM - AUDIT - USER: @asperatus99 - EXEC_CMD: pytest -s -v "D:\PyCharm\Diploma-project\alex_talako\pom_site\test\api" --alluredir="D:\PyCharm\Diploma-project\allure-results"
2026-01-21 23:32:37,112 - [INFO] - SENTINEL_SYSTEM - PROCESS_STARTED - PID: 15348 - USER: @asperatus99
2026-01-21 23:32:38,614 - [INFO] - httpx - HTTP Request: POST https://api.telegram.org/bot8469106065:AAFTuf6BK_JCCJC7rEx_qzVuwuLnACN7dSs/getUpdates "HTTP/1.1 200 OK"
2026-01-21 23:32:48,679 - [INFO] - httpx - HTTP Request: POST https://api.telegram.org/bot8469106065:AAFTuf6BK_JCCJC7rEx_qzVuwuLnACN7dSs/getUpdates "HTTP/1.1 200 OK"
2026-01-21 23:32:58,755 - [INFO] - httpx - HTTP Request: POST https://api.telegram.org/bot8469106065:AAFTuf6BK_JCCJC7rEx_qzVuwuLnACN7dSs/getUpdates "HTTP/1.1 200 OK"
2026-01-21 23:33:08,817 - [INFO] - httpx - HTTP Request: POST https://api.telegram.org/bot8469106065:AAFTuf6BK_JCCJC7rEx_qzVuwuLnACN7dSs/getUpdates "HTTP/1.1 200 OK"
2026-01-21 23:33:12,637 - [WARNING] - SENTINEL_SYSTEM - PROCESS_FAILED - PID: 15348 - EXIT_CODE: 1 - USER: @asperatus99
2026-01-21 23:33:12,638 - [WARNING] - SENTINEL_SYSTEM - TEST_RESULTS - STATUS: FAILED - USER: @asperatus99
2026-01-21 23:33:12,877 - [INFO] - httpx - HTTP Request: POST https://api.telegram.org/bot8469106065:AAFTuf6BK_JCCJC7rEx_qzVuwuLnACN7dSs/sendMessage "HTTP/1.1 200 OK"
2026-01-21 23:33:12,878 - [INFO] - SENTINEL_SYSTEM - USER_ACTION - USER: @asperatus99 - CMD: /ui
2026-01-21 23:33:12,990 - [INFO] - httpx - HTTP Request: POST https://api.telegram.org/bot8469106065:AAFTuf6BK_JCCJC7rEx_qzVuwuLnACN7dSs/sendMessage "HTTP/1.1 200 OK"
2026-01-21 23:33:12,991 - [INFO] - SENTINEL_SYSTEM - FILESYSTEM - ACTION: CLEANING_DIRECTORY - PATH: D:\PyCharm\Diploma-project\allure-results
2026-01-21 23:33:13,046 - [INFO] - SENTINEL_SYSTEM - FILESYSTEM - CLEANUP_COMPLETE - REMOVED: 284 files
2026-01-21 23:33:13,047 - [INFO] - SENTINEL_SYSTEM - AUDIT - USER: @asperatus99 - EXEC_CMD: pytest -s -v "D:\PyCharm\Diploma-project\alex_talako\pom_site\test\ui" --alluredir="D:\PyCharm\Diploma-project\allure-results"
2026-01-21 23:33:13,055 - [INFO] - SENTINEL_SYSTEM - PROCESS_STARTED - PID: 12952 - USER: @asperatus99
2026-01-21 23:33:18,888 - [INFO] - httpx - HTTP Request: POST https://api.telegram.org/bot8469106065:AAFTuf6BK_JCCJC7rEx_qzVuwuLnACN7dSs/getUpdates "HTTP/1.1 200 OK"
2026-01-21 23:33:28,967 - [INFO] - httpx - HTTP Request: POST https://api.telegram.org/bot8469106065:AAFTuf6BK_JCCJC7rEx_qzVuwuLnACN7dSs/getUpdates "HTTP/1.1 200 OK"
2026-01-21 23:33:36,952 - [WARNING] - SENTINEL_SYSTEM - PROCESS_FAILED - PID: 12952 - EXIT_CODE: 1 - USER: @asperatus99
2026-01-21 23:33:36,952 - [INFO] - SENTINEL_SYSTEM - ARTIFACTS - ACTION: SENDING_ERROR_SCREENSHOTS
2026-01-21 23:33:36,953 - [INFO] - SENTINEL_SYSTEM - ARTIFACTS - ACTION: SCANNING_SCREENSHOTS - PATH: D:\PyCharm\Diploma-project\screenshots
2026-01-21 23:33:36,954 - [INFO] - SENTINEL_SYSTEM - ARTIFACTS - STATUS: COMPLETE - SENT_AND_CLEANED: 0
2026-01-21 23:33:36,955 - [WARNING] - SENTINEL_SYSTEM - TEST_RESULTS - STATUS: UI_FAILED - USER: @asperatus99
2026-01-21 23:33:37,185 - [INFO] - httpx - HTTP Request: POST https://api.telegram.org/bot8469106065:AAFTuf6BK_JCCJC7rEx_qzVuwuLnACN7dSs/sendMessage "HTTP/1.1 200 OK"
2026-01-21 23:33:39,032 - [INFO] - httpx - HTTP Request: POST https://api.telegram.org/bot8469106065:AAFTuf6BK_JCCJC7rEx_qzVuwuLnACN7dSs/getUpdates "HTTP/1.1 200 OK"
2026-01-21 23:33:49,192 - [INFO] - httpx - HTTP Request: POST https://api.telegram.org/bot8469106065:AAFTuf6BK_JCCJC7rEx_qzVuwuLnACN7dSs/getUpdates "HTTP/1.1 200 OK"
2026-01-21 23:33:59,261 - [INFO] - httpx - HTTP Request: POST https://api.telegram.org/bot8469106065:AAFTuf6BK_JCCJC7rEx_qzVuwuLnACN7dSs/getUpdates "HTTP/1.1 200 OK"
2026-01-21 23:34:09,328 - [INFO] - httpx - HTTP Request: POST https://api.telegram.org/bot8469106065:AAFTuf6BK_JCCJC7rEx_qzVuwuLnACN7dSs/getUpdates "HTTP/1.1 200 OK"
2026-01-21 23:34:19,390 - [INFO] - httpx - HTTP Request: POST https://api.telegram.org/bot8469106065:AAFTuf6BK_JCCJC7rEx_qzVuwuLnACN7dSs/getUpdates "HTTP/1.1 200 OK"
2026-01-21 23:34:29,453 - [INFO] - httpx - HTTP Request: POST https://api.telegram.org/bot8469106065:AAFTuf6BK_JCCJC7rEx_qzVuwuLnACN7dSs/getUpdates "HTTP/1.1 200 OK"
2026-01-21 23:34:39,515 - [INFO] - httpx - HTTP Request: POST https://api.telegram.org/bot8469106065:AAFTuf6BK_JCCJC7rEx_qzVuwuLnACN7dSs/getUpdates "HTTP/1.1 200 OK"
2026-01-21 23:34:49,577 - [INFO] - httpx - HTTP Request: POST https://api.telegram.org/bot8469106065:AAFTuf6BK_JCCJC7rEx_qzVuwuLnACN7dSs/getUpdates "HTTP/1.1 200 OK"
2026-01-21 23:34:59,647 - [INFO] - httpx - HTTP Request: POST https://api.telegram.org/bot8469106065:AAFTuf6BK_JCCJC7rEx_qzVuwuLnACN7dSs/getUpdates "HTTP/1.1 200 OK"
2026-01-21 23:35:09,710 - [INFO] - httpx - HTTP Request: POST https://api.telegram.org/bot8469106065:AAFTuf6BK_JCCJC7rEx_qzVuwuLnACN7dSs/getUpdates "HTTP/1.1 200 OK"
2026-01-21 23:35:19,772 - [INFO] - httpx - HTTP Request: POST https://api.telegram.org/bot8469106065:AAFTuf6BK_JCCJC7rEx_qzVuwuLnACN7dSs/getUpdates "HTTP/1.1 200 OK"
2026-01-21 23:35:29,834 - [INFO] - httpx - HTTP Request: POST https://api.telegram.org/bot8469106065:AAFTuf6BK_JCCJC7rEx_qzVuwuLnACN7dSs/getUpdates "HTTP/1.1 200 OK"
2026-01-21 23:35:39,900 - [INFO] - httpx - HTTP Request: POST https://api.telegram.org/bot8469106065:AAFTuf6BK_JCCJC7rEx_qzVuwuLnACN7dSs/getUpdates "HTTP/1.1 200 OK"
2026-01-21 23:35:49,968 - [INFO] - httpx - HTTP Request: POST https://api.telegram.org/bot8469106065:AAFTuf6BK_JCCJC7rEx_qzVuwuLnACN7dSs/getUpdates "HTTP/1.1 200 OK"
2026-01-21 23:36:00,039 - [INFO] - httpx - HTTP Request: POST https://api.telegram.org/bot8469106065:AAFTuf6BK_JCCJC7rEx_qzVuwuLnACN7dSs/getUpdates "HTTP/1.1 200 OK"
2026-01-21 23:36:10,100 - [INFO] - httpx - HTTP Request: POST https://api.telegram.org/bot8469106065:AAFTuf6BK_JCCJC7rEx_qzVuwuLnACN7dSs/getUpdates "HTTP/1.1 200 OK"
2026-01-21 23:36:20,171 - [INFO] - httpx - HTTP Request: POST https://api.telegram.org/bot8469106065:AAFTuf6BK_JCCJC7rEx_qzVuwuLnACN7dSs/getUpdates "HTTP/1.1 200 OK"
2026-01-21 23:36:30,277 - [INFO] - httpx - HTTP Request: POST https://api.telegram.org/bot8469106065:AAFTuf6BK_JCCJC7rEx_qzVuwuLnACN7dSs/getUpdates "HTTP/1.1 200 OK"
2026-01-21 23:36:40,429 - [INFO] - httpx - HTTP Request: POST https://api.telegram.org/bot8469106065:AAFTuf6BK_JCCJC7rEx_qzVuwuLnACN7dSs/getUpdates "HTTP/1.1 200 OK"
2026-01-21 23:36:50,497 - [INFO] - httpx - HTTP Request: POST https://api.telegram.org/bot8469106065:AAFTuf6BK_JCCJC7rEx_qzVuwuLnACN7dSs/getUpdates "HTTP/1.1 200 OK"
2026-01-21 23:37:00,561 - [INFO] - httpx - HTTP Request: POST https://api.telegram.org/bot8469106065:AAFTuf6BK_JCCJC7rEx_qzVuwuLnACN7dSs/getUpdates "HTTP/1.1 200 OK"
2026-01-21 23:37:10,636 - [INFO] - httpx - HTTP Request: POST https://api.telegram.org/bot8469106065:AAFTuf6BK_JCCJC7rEx_qzVuwuLnACN7dSs/getUpdates "HTTP/1.1 200 OK"
2026-01-21 23:37:20,708 - [INFO] - httpx - HTTP Request: POST https://api.telegram.org/bot8469106065:AAFTuf6BK_JCCJC7rEx_qzVuwuLnACN7dSs/getUpdates "HTTP/1.1 200 OK"
2026-01-21 23:37:30,772 - [INFO] - httpx - HTTP Request: POST https://api.telegram.org/bot8469106065:AAFTuf6BK_JCCJC7rEx_qzVuwuLnACN7dSs/getUpdates "HTTP/1.1 200 OK"
2026-01-21 23:37:40,833 - [INFO] - httpx - HTTP Request: POST https://api.telegram.org/bot8469106065:AAFTuf6BK_JCCJC7rEx_qzVuwuLnACN7dSs/getUpdates "HTTP/1.1 200 OK"
2026-01-21 23:37:50,896 - [INFO] - httpx - HTTP Request: POST https://api.telegram.org/bot8469106065:AAFTuf6BK_JCCJC7rEx_qzVuwuLnACN7dSs/getUpdates "HTTP/1.1 200 OK"
2026-01-21 23:38:00,959 - [INFO] - httpx - HTTP Request: POST https://api.telegram.org/bot8469106065:AAFTuf6BK_JCCJC7rEx_qzVuwuLnACN7dSs/getUpdates "HTTP/1.1 200 OK"
2026-01-21 23:38:11,024 - [INFO] - httpx - HTTP Request: POST https://api.telegram.org/bot8469106065:AAFTuf6BK_JCCJC7rEx_qzVuwuLnACN7dSs/getUpdates "HTTP/1.1 200 OK"
2026-01-21 23:38:21,089 - [INFO] - httpx - HTTP Request: POST https://api.telegram.org/bot8469106065:AAFTuf6BK_JCCJC7rEx_qzVuwuLnACN7dSs/getUpdates "HTTP/1.1 200 OK"
2026-01-21 23:38:31,152 - [INFO] - httpx - HTTP Request: POST https://api.telegram.org/bot8469106065:AAFTuf6BK_JCCJC7rEx_qzVuwuLnACN7dSs/getUpdates "HTTP/1.1 200 OK"
2026-01-21 23:38:41,217 - [INFO] - httpx - HTTP Request: POST https://api.telegram.org/bot8469106065:AAFTuf6BK_JCCJC7rEx_qzVuwuLnACN7dSs/getUpdates "HTTP/1.1 200 OK"
2026-01-21 23:38:51,281 - [INFO] - httpx - HTTP Request: POST https://api.telegram.org/bot8469106065:AAFTuf6BK_JCCJC7rEx_qzVuwuLnACN7dSs/getUpdates "HTTP/1.1 200 OK"
2026-01-21 23:39:01,346 - [INFO] - httpx - HTTP Request: POST https://api.telegram.org/bot8469106065:AAFTuf6BK_JCCJC7rEx_qzVuwuLnACN7dSs/getUpdates "HTTP/1.1 200 OK"
2026-01-21 23:39:11,411 - [INFO] - httpx - HTTP Request: POST https://api.telegram.org/bot8469106065:AAFTuf6BK_JCCJC7rEx_qzVuwuLnACN7dSs/getUpdates "HTTP/1.1 200 OK"
2026-01-21 23:39:21,472 - [INFO] - httpx - HTTP Request: POST https://api.telegram.org/bot8469106065:AAFTuf6BK_JCCJC7rEx_qzVuwuLnACN7dSs/getUpdates "HTTP/1.1 200 OK"
2026-01-21 23:39:31,536 - [INFO] - httpx - HTTP Request: POST https://api.telegram.org/bot8469106065:AAFTuf6BK_JCCJC7rEx_qzVuwuLnACN7dSs/getUpdates "HTTP/1.1 200 OK"
2026-01-21 23:39:41,599 - [INFO] - httpx - HTTP Request: POST https://api.telegram.org/bot8469106065:AAFTuf6BK_JCCJC7rEx_qzVuwuLnACN7dSs/getUpdates "HTTP/1.1 200 OK"
2026-01-21 23:39:51,661 - [INFO] - httpx - HTTP Request: POST https://api.telegram.org/bot8469106065:AAFTuf6BK_JCCJC7rEx_qzVuwuLnACN7dSs/getUpdates "HTTP/1.1 200 OK"
2026-01-21 23:40:01,726 - [INFO] - httpx - HTTP Request: POST https://api.telegram.org/bot8469106065:AAFTuf6BK_JCCJC7rEx_qzVuwuLnACN7dSs/getUpdates "HTTP/1.1 200 OK"
2026-01-21 23:40:11,795 - [INFO] - httpx - HTTP Request: POST https://api.telegram.org/bot8469106065:AAFTuf6BK_JCCJC7rEx_qzVuwuLnACN7dSs/getUpdates "HTTP/1.1 200 OK"
2026-01-21 23:40:21,867 - [INFO] - httpx - HTTP Request: POST https://api.telegram.org/bot8469106065:AAFTuf6BK_JCCJC7rEx_qzVuwuLnACN7dSs/getUpdates "HTTP/1.1 200 OK"
2026-01-21 23:40:31,931 - [INFO] - httpx - HTTP Request: POST https://api.telegram.org/bot8469106065:AAFTuf6BK_JCCJC7rEx_qzVuwuLnACN7dSs/getUpdates "HTTP/1.1 200 OK"
2026-01-21 23:40:41,999 - [INFO] - httpx - HTTP Request: POST https://api.telegram.org/bot8469106065:AAFTuf6BK_JCCJC7rEx_qzVuwuLnACN7dSs/getUpdates "HTTP/1.1 200 OK"
2026-01-21 23:40:52,063 - [INFO] - httpx - HTTP Request: POST https://api.telegram.org/bot8469106065:AAFTuf6BK_JCCJC7rEx_qzVuwuLnACN7dSs/getUpdates "HTTP/1.1 200 OK"
2026-01-21 23:40:57,404 - [INFO] - SENTINEL_SYSTEM - === СИСТЕМА SENTINEL ЗАПУЩЕНА ===
2026-01-21 23:40:58,272 - [INFO] - SENTINEL_SYSTEM - SYSTEM_READY - STATUS: POLLING_STARTED
2026-01-21 23:40:58,596 - [INFO] - httpx - HTTP Request: POST https://api.telegram.org/bot8469106065:AAFTuf6BK_JCCJC7rEx_qzVuwuLnACN7dSs/getMe "HTTP/1.1 200 OK"
2026-01-21 23:40:58,649 - [INFO] - httpx - HTTP Request: POST https://api.telegram.org/bot8469106065:AAFTuf6BK_JCCJC7rEx_qzVuwuLnACN7dSs/deleteWebhook "HTTP/1.1 200 OK"
2026-01-21 23:40:58,653 - [INFO] - telegram.ext.Application - Application started
2026-01-21 23:41:06,051 - [INFO] - httpx - HTTP Request: POST https://api.telegram.org/bot8469106065:AAFTuf6BK_JCCJC7rEx_qzVuwuLnACN7dSs/getUpdates "HTTP/1.1 200 OK"
2026-01-21 23:41:06,277 - [INFO] - httpx - HTTP Request: POST https://api.telegram.org/bot8469106065:AAFTuf6BK_JCCJC7rEx_qzVuwuLnACN7dSs/sendMessage "HTTP/1.1 200 OK"
2026-01-21 23:41:12,702 - [INFO] - httpx - HTTP Request: POST https://api.telegram.org/bot8469106065:AAFTuf6BK_JCCJC7rEx_qzVuwuLnACN7dSs/getUpdates "HTTP/1.1 200 OK"
2026-01-21 23:41:12,703 - [INFO] - SENTINEL_SYSTEM - USER_ACTION - USER: @asperatus99 - CMD: /api
2026-01-21 23:41:12,913 - [INFO] - httpx - HTTP Request: POST https://api.telegram.org/bot8469106065:AAFTuf6BK_JCCJC7rEx_qzVuwuLnACN7dSs/sendMessage "HTTP/1.1 200 OK"
2026-01-21 23:41:12,914 - [INFO] - SENTINEL_SYSTEM - FILESYSTEM - ACTION: CLEANING_DIRECTORY - PATH: D:\PyCharm\Diploma-project\allure-results
2026-01-21 23:41:12,920 - [INFO] - SENTINEL_SYSTEM - FILESYSTEM - CLEANUP_COMPLETE - REMOVED: 24 files
2026-01-21 23:41:12,920 - [INFO] - SENTINEL_SYSTEM - AUDIT - USER: @asperatus99 - EXEC_CMD: pytest -s -v "D:\PyCharm\Diploma-project\alex_talako\pom_site\test\api" --alluredir="D:\PyCharm\Diploma-project\allure-results"
2026-01-21 23:41:12,935 - [INFO] - SENTINEL_SYSTEM - PROCESS_STARTED - PID: 10104 - USER: @asperatus99
2026-01-21 23:41:14,378 - [INFO] - httpx - HTTP Request: POST https://api.telegram.org/bot8469106065:AAFTuf6BK_JCCJC7rEx_qzVuwuLnACN7dSs/getUpdates "HTTP/1.1 200 OK"
2026-01-21 23:41:21,300 - [INFO] - httpx - HTTP Request: POST https://api.telegram.org/bot8469106065:AAFTuf6BK_JCCJC7rEx_qzVuwuLnACN7dSs/getUpdates "HTTP/1.1 200 OK"
2026-01-21 23:41:31,367 - [INFO] - httpx - HTTP Request: POST https://api.telegram.org/bot8469106065:AAFTuf6BK_JCCJC7rEx_qzVuwuLnACN7dSs/getUpdates "HTTP/1.1 200 OK"
2026-01-21 23:41:41,433 - [INFO] - httpx - HTTP Request: POST https://api.telegram.org/bot8469106065:AAFTuf6BK_JCCJC7rEx_qzVuwuLnACN7dSs/getUpdates "HTTP/1.1 200 OK"
2026-01-21 23:41:49,868 - [WARNING] - SENTINEL_SYSTEM - PROCESS_FAILED - PID: 10104 - EXIT_CODE: 1 - USER: @asperatus99
2026-01-21 23:41:49,869 - [WARNING] - SENTINEL_SYSTEM - TEST_RESULTS - STATUS: FAILED - USER: @asperatus99
2026-01-21 23:41:50,160 - [INFO] - httpx - HTTP Request: POST https://api.telegram.org/bot8469106065:AAFTuf6BK_JCCJC7rEx_qzVuwuLnACN7dSs/sendMessage "HTTP/1.1 200 OK"
2026-01-21 23:41:50,161 - [INFO] - SENTINEL_SYSTEM - USER_ACTION - USER: @asperatus99 - CMD: /ui
2026-01-21 23:41:50,323 - [INFO] - httpx - HTTP Request: POST https://api.telegram.org/bot8469106065:AAFTuf6BK_JCCJC7rEx_qzVuwuLnACN7dSs/sendMessage "HTTP/1.1 200 OK"
2026-01-21 23:41:50,324 - [INFO] - SENTINEL_SYSTEM - FILESYSTEM - ACTION: CLEANING_DIRECTORY - PATH: D:\PyCharm\Diploma-project\allure-results
2026-01-21 23:41:50,377 - [INFO] - SENTINEL_SYSTEM - FILESYSTEM - CLEANUP_COMPLETE - REMOVED: 284 files
2026-01-21 23:41:50,378 - [INFO] - SENTINEL_SYSTEM - AUDIT - USER: @asperatus99 - EXEC_CMD: pytest -s -v "D:\PyCharm\Diploma-project\alex_talako\pom_site\test\ui" --alluredir="D:\PyCharm\Diploma-project\allure-results"
2026-01-21 23:41:50,385 - [INFO] - SENTINEL_SYSTEM - PROCESS_STARTED - PID: 9648 - USER: @asperatus99
2026-01-21 23:41:51,497 - [INFO] - httpx - HTTP Request: POST https://api.telegram.org/bot8469106065:AAFTuf6BK_JCCJC7rEx_qzVuwuLnACN7dSs/getUpdates "HTTP/1.1 200 OK"
2026-01-21 23:42:01,566 - [INFO] - httpx - HTTP Request: POST https://api.telegram.org/bot8469106065:AAFTuf6BK_JCCJC7rEx_qzVuwuLnACN7dSs/getUpdates "HTTP/1.1 200 OK"
2026-01-21 23:42:11,627 - [INFO] - httpx - HTTP Request: POST https://api.telegram.org/bot8469106065:AAFTuf6BK_JCCJC7rEx_qzVuwuLnACN7dSs/getUpdates "HTTP/1.1 200 OK"
2026-01-21 23:42:15,906 - [WARNING] - SENTINEL_SYSTEM - PROCESS_FAILED - PID: 9648 - EXIT_CODE: 1 - USER: @asperatus99
2026-01-21 23:42:15,907 - [INFO] - SENTINEL_SYSTEM - ARTIFACTS - ACTION: SENDING_ERROR_SCREENSHOTS
2026-01-21 23:42:15,908 - [INFO] - SENTINEL_SYSTEM - ARTIFACTS - ACTION: SCANNING_SCREENSHOTS - PATH: D:\PyCharm\Diploma-project\screenshots
2026-01-21 23:42:15,909 - [INFO] - SENTINEL_SYSTEM - ARTIFACTS - STATUS: COMPLETE - SENT_AND_CLEANED: 0
2026-01-21 23:42:15,910 - [WARNING] - SENTINEL_SYSTEM - TEST_RESULTS - STATUS: UI_FAILED - USER: @asperatus99
2026-01-21 23:42:16,175 - [INFO] - httpx - HTTP Request: POST https://api.telegram.org/bot8469106065:AAFTuf6BK_JCCJC7rEx_qzVuwuLnACN7dSs/sendMessage "HTTP/1.1 200 OK"
2026-01-21 23:42:16,176 - [INFO] - SENTINEL_SYSTEM - USER_ACTION - STOP_CMD - USER: @asperatus99 - STATUS: NO_ACTIVE_PROCESS
2026-01-21 23:42:16,274 - [INFO] - httpx - HTTP Request: POST https://api.telegram.org/bot8469106065:AAFTuf6BK_JCCJC7rEx_qzVuwuLnACN7dSs/sendMessage "HTTP/1.1 200 OK"
2026-01-21 23:42:21,691 - [INFO] - httpx - HTTP Request: POST https://api.telegram.org/bot8469106065:AAFTuf6BK_JCCJC7rEx_qzVuwuLnACN7dSs/getUpdates "HTTP/1.1 200 OK"
2026-01-21 23:42:31,762 - [INFO] - httpx - HTTP Request: POST https://api.telegram.org/bot8469106065:AAFTuf6BK_JCCJC7rEx_qzVuwuLnACN7dSs/getUpdates "HTTP/1.1 200 OK"
2026-01-21 23:42:41,824 - [INFO] - httpx - HTTP Request: POST https://api.telegram.org/bot8469106065:AAFTuf6BK_JCCJC7rEx_qzVuwuLnACN7dSs/getUpdates "HTTP/1.1 200 OK"
2026-01-21 23:42:51,890 - [INFO] - httpx - HTTP Request: POST https://api.telegram.org/bot8469106065:AAFTuf6BK_JCCJC7rEx_qzVuwuLnACN7dSs/getUpdates "HTTP/1.1 200 OK"
2026-01-21 23:43:01,957 - [INFO] - httpx - HTTP Request: POST https://api.telegram.org/bot8469106065:AAFTuf6BK_JCCJC7rEx_qzVuwuLnACN7dSs/getUpdates "HTTP/1.1 200 OK"
2026-01-21 23:43:12,020 - [INFO] - httpx - HTTP Request: POST https://api.telegram.org/bot8469106065:AAFTuf6BK_JCCJC7rEx_qzVuwuLnACN7dSs/getUpdates "HTTP/1.1 200 OK"
2026-01-21 23:43:22,084 - [INFO] - httpx - HTTP Request: POST https://api.telegram.org/bot8469106065:AAFTuf6BK_JCCJC7rEx_qzVuwuLnACN7dSs/getUpdates "HTTP/1.1 200 OK"
2026-01-21 23:43:32,147 - [INFO] - httpx - HTTP Request: POST https://api.telegram.org/bot8469106065:AAFTuf6BK_JCCJC7rEx_qzVuwuLnACN7dSs/getUpdates "HTTP/1.1 200 OK"
2026-01-21 23:43:42,211 - [INFO] - httpx - HTTP Request: POST https://api.telegram.org/bot8469106065:AAFTuf6BK_JCCJC7rEx_qzVuwuLnACN7dSs/getUpdates "HTTP/1.1 200 OK"
2026-01-21 23:43:52,273 - [INFO] - httpx - HTTP Request: POST https://api.telegram.org/bot8469106065:AAFTuf6BK_JCCJC7rEx_qzVuwuLnACN7dSs/getUpdates "HTTP/1.1 200 OK"
2026-01-21 23:44:02,345 - [INFO] - httpx - HTTP Request: POST https://api.telegram.org/bot8469106065:AAFTuf6BK_JCCJC7rEx_qzVuwuLnACN7dSs/getUpdates "HTTP/1.1 200 OK"
2026-01-21 23:44:12,408 - [INFO] - httpx - HTTP Request: POST https://api.telegram.org/bot8469106065:AAFTuf6BK_JCCJC7rEx_qzVuwuLnACN7dSs/getUpdates "HTTP/1.1 200 OK"
2026-01-21 23:44:22,470 - [INFO] - httpx - HTTP Request: POST https://api.telegram.org/bot8469106065:AAFTuf6BK_JCCJC7rEx_qzVuwuLnACN7dSs/getUpdates "HTTP/1.1 200 OK"
2026-01-21 23:44:32,531 - [INFO] - httpx - HTTP Request: POST https://api.telegram.org/bot8469106065:AAFTuf6BK_JCCJC7rEx_qzVuwuLnACN7dSs/getUpdates "HTTP/1.1 200 OK"
2026-01-21 23:44:42,595 - [INFO] - httpx - HTTP Request: POST https://api.telegram.org/bot8469106065:AAFTuf6BK_JCCJC7rEx_qzVuwuLnACN7dSs/getUpdates "HTTP/1.1 200 OK"
2026-01-21 23:44:52,658 - [INFO] - httpx - HTTP Request: POST https://api.telegram.org/bot8469106065:AAFTuf6BK_JCCJC7rEx_qzVuwuLnACN7dSs/getUpdates "HTTP/1.1 200 OK"
2026-01-21 23:45:02,719 - [INFO] - httpx - HTTP Request: POST https://api.telegram.org/bot8469106065:AAFTuf6BK_JCCJC7rEx_qzVuwuLnACN7dSs/getUpdates "HTTP/1.1 200 OK"
2026-01-21 23:45:12,780 - [INFO] - httpx - HTTP Request: POST https://api.telegram.org/bot8469106065:AAFTuf6BK_JCCJC7rEx_qzVuwuLnACN7dSs/getUpdates "HTTP/1.1 200 OK"
2026-01-21 23:45:22,840 - [INFO] - httpx - HTTP Request: POST https://api.telegram.org/bot8469106065:AAFTuf6BK_JCCJC7rEx_qzVuwuLnACN7dSs/getUpdates "HTTP/1.1 200 OK"
2026-01-21 23:45:32,904 - [INFO] - httpx - HTTP Request: POST https://api.telegram.org/bot8469106065:AAFTuf6BK_JCCJC7rEx_qzVuwuLnACN7dSs/getUpdates "HTTP/1.1 200 OK"
2026-01-21 23:45:42,973 - [INFO] - httpx - HTTP Request: POST https://api.telegram.org/bot8469106065:AAFTuf6BK_JCCJC7rEx_qzVuwuLnACN7dSs/getUpdates "HTTP/1.1 200 OK"
2026-01-21 23:45:53,037 - [INFO] - httpx - HTTP Request: POST https://api.telegram.org/bot8469106065:AAFTuf6BK_JCCJC7rEx_qzVuwuLnACN7dSs/getUpdates "HTTP/1.1 200 OK"
2026-01-21 23:46:03,101 - [INFO] - httpx - HTTP Request: POST https://api.telegram.org/bot8469106065:AAFTuf6BK_JCCJC7rEx_qzVuwuLnACN7dSs/getUpdates "HTTP/1.1 200 OK"
2026-01-21 23:46:13,165 - [INFO] - httpx - HTTP Request: POST https://api.telegram.org/bot8469106065:AAFTuf6BK_JCCJC7rEx_qzVuwuLnACN7dSs/getUpdates "HTTP/1.1 200 OK"
2026-01-21 23:46:23,229 - [INFO] - httpx - HTTP Request: POST https://api.telegram.org/bot8469106065:AAFTuf6BK_JCCJC7rEx_qzVuwuLnACN7dSs/getUpdates "HTTP/1.1 200 OK"
2026-01-21 23:46:33,291 - [INFO] - httpx - HTTP Request: POST https://api.telegram.org/bot8469106065:AAFTuf6BK_JCCJC7rEx_qzVuwuLnACN7dSs/getUpdates "HTTP/1.1 200 OK"
2026-01-21 23:46:43,353 - [INFO] - httpx - HTTP Request: POST https://api.telegram.org/bot8469106065:AAFTuf6BK_JCCJC7rEx_qzVuwuLnACN7dSs/getUpdates "HTTP/1.1 200 OK"
2026-01-21 23:46:53,414 - [INFO] - httpx - HTTP Request: POST https://api.telegram.org/bot8469106065:AAFTuf6BK_JCCJC7rEx_qzVuwuLnACN7dSs/getUpdates "HTTP/1.1 200 OK"
2026-01-21 23:47:03,477 - [INFO] - httpx - HTTP Request: POST https://api.telegram.org/bot8469106065:AAFTuf6BK_JCCJC7rEx_qzVuwuLnACN7dSs/getUpdates "HTTP/1.1 200 OK"
2026-01-21 23:47:13,540 - [INFO] - httpx - HTTP Request: POST https://api.telegram.org/bot8469106065:AAFTuf6BK_JCCJC7rEx_qzVuwuLnACN7dSs/getUpdates "HTTP/1.1 200 OK"
2026-01-21 23:47:23,603 - [INFO] - httpx - HTTP Request: POST https://api.telegram.org/bot8469106065:AAFTuf6BK_JCCJC7rEx_qzVuwuLnACN7dSs/getUpdates "HTTP/1.1 200 OK"
2026-01-21 23:47:33,675 - [INFO] - httpx - HTTP Request: POST https://api.telegram.org/bot8469106065:AAFTuf6BK_JCCJC7rEx_qzVuwuLnACN7dSs/getUpdates "HTTP/1.1 200 OK"
2026-01-21 23:47:43,737 - [INFO] - httpx - HTTP Request: POST https://api.telegram.org/bot8469106065:AAFTuf6BK_JCCJC7rEx_qzVuwuLnACN7dSs/getUpdates "HTTP/1.1 200 OK"
2026-01-21 23:47:53,801 - [INFO] - httpx - HTTP Request: POST https://api.telegram.org/bot8469106065:AAFTuf6BK_JCCJC7rEx_qzVuwuLnACN7dSs/getUpdates "HTTP/1.1 200 OK"
2026-01-21 23:48:03,872 - [INFO] - httpx - HTTP Request: POST https://api.telegram.org/bot8469106065:AAFTuf6BK_JCCJC7rEx_qzVuwuLnACN7dSs/getUpdates "HTTP/1.1 200 OK"
2026-01-21 23:48:13,937 - [INFO] - httpx - HTTP Request: POST https://api.telegram.org/bot8469106065:AAFTuf6BK_JCCJC7rEx_qzVuwuLnACN7dSs/getUpdates "HTTP/1.1 200 OK"
2026-01-21 23:48:24,000 - [INFO] - httpx - HTTP Request: POST https://api.telegram.org/bot8469106065:AAFTuf6BK_JCCJC7rEx_qzVuwuLnACN7dSs/getUpdates "HTTP/1.1 200 OK"
2026-01-21 23:48:34,064 - [INFO] - httpx - HTTP Request: POST https://api.telegram.org/bot8469106065:AAFTuf6BK_JCCJC7rEx_qzVuwuLnACN7dSs/getUpdates "HTTP/1.1 200 OK"
2026-01-21 23:48:44,128 - [INFO] - httpx - HTTP Request: POST https://api.telegram.org/bot8469106065:AAFTuf6BK_JCCJC7rEx_qzVuwuLnACN7dSs/getUpdates "HTTP/1.1 200 OK"
2026-01-21 23:48:54,190 - [INFO] - httpx - HTTP Request: POST https://api.telegram.org/bot8469106065:AAFTuf6BK_JCCJC7rEx_qzVuwuLnACN7dSs/getUpdates "HTTP/1.1 200 OK"
2026-01-21 23:49:04,257 - [INFO] - httpx - HTTP Request: POST https://api.telegram.org/bot8469106065:AAFTuf6BK_JCCJC7rEx_qzVuwuLnACN7dSs/getUpdates "HTTP/1.1 200 OK"
2026-01-21 23:49:14,324 - [INFO] - httpx - HTTP Request: POST https://api.telegram.org/bot8469106065:AAFTuf6BK_JCCJC7rEx_qzVuwuLnACN7dSs/getUpdates "HTTP/1.1 200 OK"
2026-01-21 23:49:24,388 - [INFO] - httpx - HTTP Request: POST https://api.telegram.org/bot8469106065:AAFTuf6BK_JCCJC7rEx_qzVuwuLnACN7dSs/getUpdates "HTTP/1.1 200 OK"
2026-01-21 23:49:32,370 - [INFO] - httpx - HTTP Request: POST https://api.telegram.org/bot8469106065:AAFTuf6BK_JCCJC7rEx_qzVuwuLnACN7dSs/getUpdates "HTTP/1.1 200 OK"
2026-01-21 23:49:32,371 - [WARNING] - SENTINEL_SYSTEM - SYSTEM_CLEANUP_INITIATED - USER: @asperatus99
2026-01-21 23:49:32,549 - [INFO] - httpx - HTTP Request: POST https://api.telegram.org/bot8469106065:AAFTuf6BK_JCCJC7rEx_qzVuwuLnACN7dSs/sendMessage "HTTP/1.1 200 OK"
2026-01-21 23:49:32,556 - [INFO] - SENTINEL_SYSTEM - SYSTEM_CLEANUP_COMPLETE - FILES_REMOVED: 25
2026-01-21 23:49:32,669 - [INFO] - httpx - HTTP Request: POST https://api.telegram.org/bot8469106065:AAFTuf6BK_JCCJC7rEx_qzVuwuLnACN7dSs/sendMessage "HTTP/1.1 200 OK"
2026-01-21 23:49:42,437 - [INFO] - httpx - HTTP Request: POST https://api.telegram.org/bot8469106065:AAFTuf6BK_JCCJC7rEx_qzVuwuLnACN7dSs/getUpdates "HTTP/1.1 200 OK"
2026-01-22 00:28:36,642 - [INFO] - SENTINEL_SYSTEM - === СИСТЕМА SENTINEL ЗАПУЩЕНА ===
2026-01-22 00:28:37,704 - [INFO] - SENTINEL_SYSTEM - SYSTEM_READY - STATUS: POLLING_STARTED
2026-01-22 00:28:38,039 - [INFO] - httpx - HTTP Request: POST https://api.telegram.org/bot8469106065:AAFTuf6BK_JCCJC7rEx_qzVuwuLnACN7dSs/getMe "HTTP/1.1 200 OK"
2026-01-22 00:28:38,104 - [INFO] - httpx - HTTP Request: POST https://api.telegram.org/bot8469106065:AAFTuf6BK_JCCJC7rEx_qzVuwuLnACN7dSs/deleteWebhook "HTTP/1.1 200 OK"
2026-01-22 00:28:38,106 - [INFO] - telegram.ext.Application - Application started
2026-01-22 00:28:42,662 - [INFO] - httpx - HTTP Request: POST https://api.telegram.org/bot8469106065:AAFTuf6BK_JCCJC7rEx_qzVuwuLnACN7dSs/getUpdates "HTTP/1.1 200 OK"
2026-01-22 00:28:42,663 - [INFO] - telegram.ext.Application - Application is stopping. This might take a moment.
2026-01-22 00:28:42,663 - [INFO] - telegram.ext.Application - Application.stop() complete
2026-01-22 00:28:42,664 - [INFO] - SENTINEL_SYSTEM - SYSTEM_SHUTDOWN - STATUS: OFFLINE
2026-01-22 00:28:50,392 - [INFO] - SENTINEL_SYSTEM - === СИСТЕМА SENTINEL ЗАПУЩЕНА ===
2026-01-22 00:28:51,269 - [INFO] - SENTINEL_SYSTEM - SYSTEM_READY - STATUS: POLLING_STARTED
2026-01-22 00:28:51,487 - [INFO] - httpx - HTTP Request: POST https://api.telegram.org/bot8469106065:AAFTuf6BK_JCCJC7rEx_qzVuwuLnACN7dSs/getMe "HTTP/1.1 200 OK"
2026-01-22 00:28:51,540 - [INFO] - httpx - HTTP Request: POST https://api.telegram.org/bot8469106065:AAFTuf6BK_JCCJC7rEx_qzVuwuLnACN7dSs/deleteWebhook "HTTP/1.1 200 OK"
2026-01-22 00:28:51,541 - [INFO] - telegram.ext.Application - Application started
2026-01-22 00:28:57,055 - [INFO] - httpx - HTTP Request: POST https://api.telegram.org/bot8469106065:AAFTuf6BK_JCCJC7rEx_qzVuwuLnACN7dSs/getUpdates "HTTP/1.1 200 OK"
2026-01-22 00:28:57,056 - [WARNING] - SENTINEL_SYSTEM - SYSTEM_CLEANUP_INITIATED - USER: @asperatus99
2026-01-22 00:28:57,251 - [INFO] - httpx - HTTP Request: POST https://api.telegram.org/bot8469106065:AAFTuf6BK_JCCJC7rEx_qzVuwuLnACN7dSs/sendMessage "HTTP/1.1 200 OK"
2026-01-22 00:28:57,255 - [INFO] - SENTINEL_SYSTEM - SYSTEM_CLEANUP_COMPLETE - FILES_REMOVED: 0 - USER: @asperatus99
2026-01-22 00:28:57,344 - [INFO] - httpx - HTTP Request: POST https://api.telegram.org/bot8469106065:AAFTuf6BK_JCCJC7rEx_qzVuwuLnACN7dSs/sendMessage "HTTP/1.1 200 OK"
2026-01-22 00:29:02,049 - [INFO] - httpx - HTTP Request: POST https://api.telegram.org/bot8469106065:AAFTuf6BK_JCCJC7rEx_qzVuwuLnACN7dSs/getUpdates "HTTP/1.1 200 OK"
2026-01-22 00:29:09,549 - [INFO] - httpx - HTTP Request: POST https://api.telegram.org/bot8469106065:AAFTuf6BK_JCCJC7rEx_qzVuwuLnACN7dSs/getUpdates "HTTP/1.1 200 OK"
2026-01-22 00:29:09,551 - [INFO] - SENTINEL_SYSTEM - USER_ACTION - USER: @asperatus99 - CMD: /ui
2026-01-22 00:29:09,733 - [INFO] - httpx - HTTP Request: POST https://api.telegram.org/bot8469106065:AAFTuf6BK_JCCJC7rEx_qzVuwuLnACN7dSs/sendMessage "HTTP/1.1 200 OK"
2026-01-22 00:29:09,734 - [INFO] - SENTINEL_SYSTEM - FILESYSTEM - ACTION: CLEANING_DIRECTORY - PATH: D:\PyCharm\Diploma-project\allure-results
2026-01-22 00:29:09,734 - [INFO] - SENTINEL_SYSTEM - FILESYSTEM - CLEANUP_COMPLETE - REMOVED: 0 files
2026-01-22 00:29:09,734 - [INFO] - SENTINEL_SYSTEM - AUDIT - USER: @asperatus99 - EXEC_CMD: pytest -s -v "D:\PyCharm\Diploma-project\alex_talako\pom_site\test\ui" --alluredir="D:\PyCharm\Diploma-project\allure-results"
2026-01-22 00:29:09,744 - [INFO] - SENTINEL_SYSTEM - PROCESS_STARTED - PID: 7592 - USER: @asperatus99
2026-01-22 00:29:11,218 - [INFO] - httpx - HTTP Request: POST https://api.telegram.org/bot8469106065:AAFTuf6BK_JCCJC7rEx_qzVuwuLnACN7dSs/getUpdates "HTTP/1.1 200 OK"
2026-01-22 00:29:21,270 - [INFO] - httpx - HTTP Request: POST https://api.telegram.org/bot8469106065:AAFTuf6BK_JCCJC7rEx_qzVuwuLnACN7dSs/getUpdates "HTTP/1.1 200 OK"
2026-01-22 00:29:31,321 - [INFO] - httpx - HTTP Request: POST https://api.telegram.org/bot8469106065:AAFTuf6BK_JCCJC7rEx_qzVuwuLnACN7dSs/getUpdates "HTTP/1.1 200 OK"
2026-01-22 00:29:41,375 - [INFO] - httpx - HTTP Request: POST https://api.telegram.org/bot8469106065:AAFTuf6BK_JCCJC7rEx_qzVuwuLnACN7dSs/getUpdates "HTTP/1.1 200 OK"
2026-01-22 00:29:51,429 - [INFO] - httpx - HTTP Request: POST https://api.telegram.org/bot8469106065:AAFTuf6BK_JCCJC7rEx_qzVuwuLnACN7dSs/getUpdates "HTTP/1.1 200 OK"
2026-01-22 00:30:01,482 - [INFO] - httpx - HTTP Request: POST https://api.telegram.org/bot8469106065:AAFTuf6BK_JCCJC7rEx_qzVuwuLnACN7dSs/getUpdates "HTTP/1.1 200 OK"
2026-01-22 00:30:11,541 - [INFO] - httpx - HTTP Request: POST https://api.telegram.org/bot8469106065:AAFTuf6BK_JCCJC7rEx_qzVuwuLnACN7dSs/getUpdates "HTTP/1.1 200 OK"
2026-01-22 00:30:21,591 - [INFO] - httpx - HTTP Request: POST https://api.telegram.org/bot8469106065:AAFTuf6BK_JCCJC7rEx_qzVuwuLnACN7dSs/getUpdates "HTTP/1.1 200 OK"
2026-01-22 00:30:31,642 - [INFO] - httpx - HTTP Request: POST https://api.telegram.org/bot8469106065:AAFTuf6BK_JCCJC7rEx_qzVuwuLnACN7dSs/getUpdates "HTTP/1.1 200 OK"
2026-01-22 00:30:41,696 - [INFO] - httpx - HTTP Request: POST https://api.telegram.org/bot8469106065:AAFTuf6BK_JCCJC7rEx_qzVuwuLnACN7dSs/getUpdates "HTTP/1.1 200 OK"
2026-01-22 00:30:51,751 - [INFO] - httpx - HTTP Request: POST https://api.telegram.org/bot8469106065:AAFTuf6BK_JCCJC7rEx_qzVuwuLnACN7dSs/getUpdates "HTTP/1.1 200 OK"
2026-01-22 00:31:01,802 - [INFO] - httpx - HTTP Request: POST https://api.telegram.org/bot8469106065:AAFTuf6BK_JCCJC7rEx_qzVuwuLnACN7dSs/getUpdates "HTTP/1.1 200 OK"
2026-01-22 00:31:11,854 - [INFO] - httpx - HTTP Request: POST https://api.telegram.org/bot8469106065:AAFTuf6BK_JCCJC7rEx_qzVuwuLnACN7dSs/getUpdates "HTTP/1.1 200 OK"
2026-01-22 00:31:21,907 - [INFO] - httpx - HTTP Request: POST https://api.telegram.org/bot8469106065:AAFTuf6BK_JCCJC7rEx_qzVuwuLnACN7dSs/getUpdates "HTTP/1.1 200 OK"
2026-01-22 00:31:31,959 - [INFO] - httpx - HTTP Request: POST https://api.telegram.org/bot8469106065:AAFTuf6BK_JCCJC7rEx_qzVuwuLnACN7dSs/getUpdates "HTTP/1.1 200 OK"
2026-01-22 00:31:42,009 - [INFO] - httpx - HTTP Request: POST https://api.telegram.org/bot8469106065:AAFTuf6BK_JCCJC7rEx_qzVuwuLnACN7dSs/getUpdates "HTTP/1.1 200 OK"
2026-01-22 00:31:52,061 - [INFO] - httpx - HTTP Request: POST https://api.telegram.org/bot8469106065:AAFTuf6BK_JCCJC7rEx_qzVuwuLnACN7dSs/getUpdates "HTTP/1.1 200 OK"
2026-01-22 00:32:02,116 - [INFO] - httpx - HTTP Request: POST https://api.telegram.org/bot8469106065:AAFTuf6BK_JCCJC7rEx_qzVuwuLnACN7dSs/getUpdates "HTTP/1.1 200 OK"
2026-01-22 00:32:12,168 - [INFO] - httpx - HTTP Request: POST https://api.telegram.org/bot8469106065:AAFTuf6BK_JCCJC7rEx_qzVuwuLnACN7dSs/getUpdates "HTTP/1.1 200 OK"
2026-01-22 00:32:22,231 - [INFO] - httpx - HTTP Request: POST https://api.telegram.org/bot8469106065:AAFTuf6BK_JCCJC7rEx_qzVuwuLnACN7dSs/getUpdates "HTTP/1.1 200 OK"
2026-01-22 00:32:25,293 - [INFO] - httpx - HTTP Request: POST https://api.telegram.org/bot8469106065:AAFTuf6BK_JCCJC7rEx_qzVuwuLnACN7dSs/getUpdates "HTTP/1.1 200 OK"
2026-01-22 00:32:35,345 - [INFO] - httpx - HTTP Request: POST https://api.telegram.org/bot8469106065:AAFTuf6BK_JCCJC7rEx_qzVuwuLnACN7dSs/getUpdates "HTTP/1.1 200 OK"
2026-01-22 00:32:36,147 - [WARNING] - SENTINEL_SYSTEM - PROCESS_FAILED - PID: 7592 - EXIT_CODE: 1 - USER: @asperatus99
2026-01-22 00:32:36,148 - [INFO] - SENTINEL_SYSTEM - ARTIFACTS - ACTION: SENDING_ERROR_SCREENSHOTS
2026-01-22 00:32:36,148 - [INFO] - SENTINEL_SYSTEM - ARTIFACTS - ACTION: SCANNING_SCREENSHOTS - PATH: D:\PyCharm\Diploma-project\screenshots
2026-01-22 00:32:36,749 - [INFO] - httpx - HTTP Request: POST https://api.telegram.org/bot8469106065:AAFTuf6BK_JCCJC7rEx_qzVuwuLnACN7dSs/sendPhoto "HTTP/1.1 200 OK"
2026-01-22 00:32:36,949 - [INFO] - httpx - HTTP Request: POST https://api.telegram.org/bot8469106065:AAFTuf6BK_JCCJC7rEx_qzVuwuLnACN7dSs/sendPhoto "HTTP/1.1 200 OK"
2026-01-22 00:32:37,163 - [INFO] - httpx - HTTP Request: POST https://api.telegram.org/bot8469106065:AAFTuf6BK_JCCJC7rEx_qzVuwuLnACN7dSs/sendPhoto "HTTP/1.1 200 OK"
2026-01-22 00:32:37,164 - [INFO] - SENTINEL_SYSTEM - ARTIFACTS - STATUS: COMPLETE - SENT_AND_CLEANED: 3
2026-01-22 00:32:37,164 - [WARNING] - SENTINEL_SYSTEM - TEST_RESULTS - STATUS: UI_FAILED - USER: @asperatus99
2026-01-22 00:32:37,324 - [INFO] - httpx - HTTP Request: POST https://api.telegram.org/bot8469106065:AAFTuf6BK_JCCJC7rEx_qzVuwuLnACN7dSs/sendMessage "HTTP/1.1 200 OK"
2026-01-22 00:32:37,325 - [INFO] - SENTINEL_SYSTEM - USER_ACTION - USER: @asperatus99 - CMD: /locust_test - PARAMS: users=10, rate=1, time=1m
2026-01-22 00:32:37,414 - [INFO] - httpx - HTTP Request: POST https://api.telegram.org/bot8469106065:AAFTuf6BK_JCCJC7rEx_qzVuwuLnACN7dSs/sendMessage "HTTP/1.1 200 OK"
2026-01-22 00:32:37,417 - [INFO] - SENTINEL_SYSTEM - AUDIT - USER: @asperatus99 - EXEC_CMD: locust -f "D:\PyCharm\Diploma-project\alex_talako\pom_site\test\locust\load_test_main_page.py" --headless -u 10 -r 1 --run-time 1m --csv="D:\PyCharm\Diploma-project\locust_results\run_stat" --html="D:\PyCharm\Diploma-project\locust_results\report.html" --only-summary
2026-01-22 00:32:37,429 - [INFO] - SENTINEL_SYSTEM - PROCESS_STARTED - PID: 12796 - USER: @asperatus99
2026-01-22 00:32:45,396 - [INFO] - httpx - HTTP Request: POST https://api.telegram.org/bot8469106065:AAFTuf6BK_JCCJC7rEx_qzVuwuLnACN7dSs/getUpdates "HTTP/1.1 200 OK"
2026-01-22 00:32:55,447 - [INFO] - httpx - HTTP Request: POST https://api.telegram.org/bot8469106065:AAFTuf6BK_JCCJC7rEx_qzVuwuLnACN7dSs/getUpdates "HTTP/1.1 200 OK"
2026-01-22 00:33:05,497 - [INFO] - httpx - HTTP Request: POST https://api.telegram.org/bot8469106065:AAFTuf6BK_JCCJC7rEx_qzVuwuLnACN7dSs/getUpdates "HTTP/1.1 200 OK"
2026-01-22 00:33:15,548 - [INFO] - httpx - HTTP Request: POST https://api.telegram.org/bot8469106065:AAFTuf6BK_JCCJC7rEx_qzVuwuLnACN7dSs/getUpdates "HTTP/1.1 200 OK"
2026-01-22 00:33:25,603 - [INFO] - httpx - HTTP Request: POST https://api.telegram.org/bot8469106065:AAFTuf6BK_JCCJC7rEx_qzVuwuLnACN7dSs/getUpdates "HTTP/1.1 200 OK"
2026-01-22 00:33:35,664 - [INFO] - httpx - HTTP Request: POST https://api.telegram.org/bot8469106065:AAFTuf6BK_JCCJC7rEx_qzVuwuLnACN7dSs/getUpdates "HTTP/1.1 200 OK"
2026-01-22 00:33:38,370 - [WARNING] - SENTINEL_SYSTEM - PROCESS_FAILED - PID: 12796 - EXIT_CODE: 1 - USER: @asperatus99
2026-01-22 00:33:38,371 - [INFO] - SENTINEL_SYSTEM - LOAD_TEST_EXECUTION_FINISHED
2026-01-22 00:33:38,560 - [INFO] - httpx - HTTP Request: POST https://api.telegram.org/bot8469106065:AAFTuf6BK_JCCJC7rEx_qzVuwuLnACN7dSs/sendMessage "HTTP/1.1 200 OK"
2026-01-22 00:33:38,980 - [INFO] - httpx - HTTP Request: POST https://api.telegram.org/bot8469106065:AAFTuf6BK_JCCJC7rEx_qzVuwuLnACN7dSs/sendDocument "HTTP/1.1 200 OK"
2026-01-22 00:33:38,984 - [WARNING] - SENTINEL_SYSTEM - USER_ACTION - STOP_REQUESTED - USER: @asperatus99
2026-01-22 00:33:38,985 - [INFO] - SENTINEL_SYSTEM - STOP_ACTION_IGNORED - USER: @asperatus99 - REASON: NO_ACTIVE_PROCESS
2026-01-22 00:33:39,052 - [INFO] - httpx - HTTP Request: POST https://api.telegram.org/bot8469106065:AAFTuf6BK_JCCJC7rEx_qzVuwuLnACN7dSs/sendMessage "HTTP/1.1 200 OK"
2026-01-22 00:33:45,716 - [INFO] - httpx - HTTP Request: POST https://api.telegram.org/bot8469106065:AAFTuf6BK_JCCJC7rEx_qzVuwuLnACN7dSs/getUpdates "HTTP/1.1 200 OK"
2026-01-22 00:33:55,770 - [INFO] - httpx - HTTP Request: POST https://api.telegram.org/bot8469106065:AAFTuf6BK_JCCJC7rEx_qzVuwuLnACN7dSs/getUpdates "HTTP/1.1 200 OK"
2026-01-22 00:34:05,823 - [INFO] - httpx - HTTP Request: POST https://api.telegram.org/bot8469106065:AAFTuf6BK_JCCJC7rEx_qzVuwuLnACN7dSs/getUpdates "HTTP/1.1 200 OK"
2026-01-22 00:34:15,874 - [INFO] - httpx - HTTP Request: POST https://api.telegram.org/bot8469106065:AAFTuf6BK_JCCJC7rEx_qzVuwuLnACN7dSs/getUpdates "HTTP/1.1 200 OK"
2026-01-22 00:34:25,925 - [INFO] - httpx - HTTP Request: POST https://api.telegram.org/bot8469106065:AAFTuf6BK_JCCJC7rEx_qzVuwuLnACN7dSs/getUpdates "HTTP/1.1 200 OK"
2026-01-22 00:34:35,976 - [INFO] - httpx - HTTP Request: POST https://api.telegram.org/bot8469106065:AAFTuf6BK_JCCJC7rEx_qzVuwuLnACN7dSs/getUpdates "HTTP/1.1 200 OK"
2026-01-22 00:34:46,029 - [INFO] - httpx - HTTP Request: POST https://api.telegram.org/bot8469106065:AAFTuf6BK_JCCJC7rEx_qzVuwuLnACN7dSs/getUpdates "HTTP/1.1 200 OK"
2026-01-22 00:34:56,085 - [INFO] - httpx - HTTP Request: POST https://api.telegram.org/bot8469106065:AAFTuf6BK_JCCJC7rEx_qzVuwuLnACN7dSs/getUpdates "HTTP/1.1 200 OK"
2026-01-22 00:35:06,137 - [INFO] - httpx - HTTP Request: POST https://api.telegram.org/bot8469106065:AAFTuf6BK_JCCJC7rEx_qzVuwuLnACN7dSs/getUpdates "HTTP/1.1 200 OK"
2026-01-22 00:35:16,197 - [INFO] - httpx - HTTP Request: POST https://api.telegram.org/bot8469106065:AAFTuf6BK_JCCJC7rEx_qzVuwuLnACN7dSs/getUpdates "HTTP/1.1 200 OK"
2026-01-22 00:35:26,249 - [INFO] - httpx - HTTP Request: POST https://api.telegram.org/bot8469106065:AAFTuf6BK_JCCJC7rEx_qzVuwuLnACN7dSs/getUpdates "HTTP/1.1 200 OK"
2026-01-22 00:35:36,300 - [INFO] - httpx - HTTP Request: POST https://api.telegram.org/bot8469106065:AAFTuf6BK_JCCJC7rEx_qzVuwuLnACN7dSs/getUpdates "HTTP/1.1 200 OK"
2026-01-22 00:35:46,357 - [INFO] - httpx - HTTP Request: POST https://api.telegram.org/bot8469106065:AAFTuf6BK_JCCJC7rEx_qzVuwuLnACN7dSs/getUpdates "HTTP/1.1 200 OK"
2026-01-22 00:35:56,412 - [INFO] - httpx - HTTP Request: POST https://api.telegram.org/bot8469106065:AAFTuf6BK_JCCJC7rEx_qzVuwuLnACN7dSs/getUpdates "HTTP/1.1 200 OK"
2026-01-22 00:36:06,467 - [INFO] - httpx - HTTP Request: POST https://api.telegram.org/bot8469106065:AAFTuf6BK_JCCJC7rEx_qzVuwuLnACN7dSs/getUpdates "HTTP/1.1 200 OK"
2026-01-22 00:36:16,522 - [INFO] - httpx - HTTP Request: POST https://api.telegram.org/bot8469106065:AAFTuf6BK_JCCJC7rEx_qzVuwuLnACN7dSs/getUpdates "HTTP/1.1 200 OK"
2026-01-22 00:36:26,574 - [INFO] - httpx - HTTP Request: POST https://api.telegram.org/bot8469106065:AAFTuf6BK_JCCJC7rEx_qzVuwuLnACN7dSs/getUpdates "HTTP/1.1 200 OK"
2026-01-22 00:36:36,628 - [INFO] - httpx - HTTP Request: POST https://api.telegram.org/bot8469106065:AAFTuf6BK_JCCJC7rEx_qzVuwuLnACN7dSs/getUpdates "HTTP/1.1 200 OK"
2026-01-22 00:36:46,681 - [INFO] - httpx - HTTP Request: POST https://api.telegram.org/bot8469106065:AAFTuf6BK_JCCJC7rEx_qzVuwuLnACN7dSs/getUpdates "HTTP/1.1 200 OK"
2026-01-22 00:36:56,735 - [INFO] - httpx - HTTP Request: POST https://api.telegram.org/bot8469106065:AAFTuf6BK_JCCJC7rEx_qzVuwuLnACN7dSs/getUpdates "HTTP/1.1 200 OK"
2026-01-22 00:37:06,787 - [INFO] - httpx - HTTP Request: POST https://api.telegram.org/bot8469106065:AAFTuf6BK_JCCJC7rEx_qzVuwuLnACN7dSs/getUpdates "HTTP/1.1 200 OK"
2026-01-22 00:37:16,838 - [INFO] - httpx - HTTP Request: POST https://api.telegram.org/bot8469106065:AAFTuf6BK_JCCJC7rEx_qzVuwuLnACN7dSs/getUpdates "HTTP/1.1 200 OK"
2026-01-22 00:37:26,889 - [INFO] - httpx - HTTP Request: POST https://api.telegram.org/bot8469106065:AAFTuf6BK_JCCJC7rEx_qzVuwuLnACN7dSs/getUpdates "HTTP/1.1 200 OK"
2026-01-22 00:37:36,943 - [INFO] - httpx - HTTP Request: POST https://api.telegram.org/bot8469106065:AAFTuf6BK_JCCJC7rEx_qzVuwuLnACN7dSs/getUpdates "HTTP/1.1 200 OK"
2026-01-22 00:37:47,000 - [INFO] - httpx - HTTP Request: POST https://api.telegram.org/bot8469106065:AAFTuf6BK_JCCJC7rEx_qzVuwuLnACN7dSs/getUpdates "HTTP/1.1 200 OK"
2026-01-22 00:37:57,052 - [INFO] - httpx - HTTP Request: POST https://api.telegram.org/bot8469106065:AAFTuf6BK_JCCJC7rEx_qzVuwuLnACN7dSs/getUpdates "HTTP/1.1 200 OK"
2026-01-22 00:38:07,104 - [INFO] - httpx - HTTP Request: POST https://api.telegram.org/bot8469106065:AAFTuf6BK_JCCJC7rEx_qzVuwuLnACN7dSs/getUpdates "HTTP/1.1 200 OK"
2026-01-22 00:38:17,161 - [INFO] - httpx - HTTP Request: POST https://api.telegram.org/bot8469106065:AAFTuf6BK_JCCJC7rEx_qzVuwuLnACN7dSs/getUpdates "HTTP/1.1 200 OK"
2026-01-22 00:38:27,217 - [INFO] - httpx - HTTP Request: POST https://api.telegram.org/bot8469106065:AAFTuf6BK_JCCJC7rEx_qzVuwuLnACN7dSs/getUpdates "HTTP/1.1 200 OK"
2026-01-22 00:38:37,272 - [INFO] - httpx - HTTP Request: POST https://api.telegram.org/bot8469106065:AAFTuf6BK_JCCJC7rEx_qzVuwuLnACN7dSs/getUpdates "HTTP/1.1 200 OK"
2026-01-22 00:38:47,324 - [INFO] - httpx - HTTP Request: POST https://api.telegram.org/bot8469106065:AAFTuf6BK_JCCJC7rEx_qzVuwuLnACN7dSs/getUpdates "HTTP/1.1 200 OK"
2026-01-22 00:38:57,377 - [INFO] - httpx - HTTP Request: POST https://api.telegram.org/bot8469106065:AAFTuf6BK_JCCJC7rEx_qzVuwuLnACN7dSs/getUpdates "HTTP/1.1 200 OK"
2026-01-22 00:39:07,429 - [INFO] - httpx - HTTP Request: POST https://api.telegram.org/bot8469106065:AAFTuf6BK_JCCJC7rEx_qzVuwuLnACN7dSs/getUpdates "HTTP/1.1 200 OK"
2026-01-22 00:39:17,485 - [INFO] - httpx - HTTP Request: POST https://api.telegram.org/bot8469106065:AAFTuf6BK_JCCJC7rEx_qzVuwuLnACN7dSs/getUpdates "HTTP/1.1 200 OK"
2026-01-22 00:39:27,537 - [INFO] - httpx - HTTP Request: POST https://api.telegram.org/bot8469106065:AAFTuf6BK_JCCJC7rEx_qzVuwuLnACN7dSs/getUpdates "HTTP/1.1 200 OK"
2026-01-22 00:39:37,589 - [INFO] - httpx - HTTP Request: POST https://api.telegram.org/bot8469106065:AAFTuf6BK_JCCJC7rEx_qzVuwuLnACN7dSs/getUpdates "HTTP/1.1 200 OK"
2026-01-22 00:39:47,645 - [INFO] - httpx - HTTP Request: POST https://api.telegram.org/bot8469106065:AAFTuf6BK_JCCJC7rEx_qzVuwuLnACN7dSs/getUpdates "HTTP/1.1 200 OK"
2026-01-22 00:39:57,696 - [INFO] - httpx - HTTP Request: POST https://api.telegram.org/bot8469106065:AAFTuf6BK_JCCJC7rEx_qzVuwuLnACN7dSs/getUpdates "HTTP/1.1 200 OK"
2026-01-22 00:40:07,747 - [INFO] - httpx - HTTP Request: POST https://api.telegram.org/bot8469106065:AAFTuf6BK_JCCJC7rEx_qzVuwuLnACN7dSs/getUpdates "HTTP/1.1 200 OK"
2026-01-22 00:40:17,807 - [INFO] - httpx - HTTP Request: POST https://api.telegram.org/bot8469106065:AAFTuf6BK_JCCJC7rEx_qzVuwuLnACN7dSs/getUpdates "HTTP/1.1 200 OK"
2026-01-22 00:40:27,859 - [INFO] - httpx - HTTP Request: POST https://api.telegram.org/bot8469106065:AAFTuf6BK_JCCJC7rEx_qzVuwuLnACN7dSs/getUpdates "HTTP/1.1 200 OK"
2026-01-22 00:40:37,911 - [INFO] - httpx - HTTP Request: POST https://api.telegram.org/bot8469106065:AAFTuf6BK_JCCJC7rEx_qzVuwuLnACN7dSs/getUpdates "HTTP/1.1 200 OK"
2026-01-22 00:40:47,962 - [INFO] - httpx - HTTP Request: POST https://api.telegram.org/bot8469106065:AAFTuf6BK_JCCJC7rEx_qzVuwuLnACN7dSs/getUpdates "HTTP/1.1 200 OK"
2026-01-22 00:40:58,016 - [INFO] - httpx - HTTP Request: POST https://api.telegram.org/bot8469106065:AAFTuf6BK_JCCJC7rEx_qzVuwuLnACN7dSs/getUpdates "HTTP/1.1 200 OK"
2026-01-22 00:41:08,069 - [INFO] - httpx - HTTP Request: POST https://api.telegram.org/bot8469106065:AAFTuf6BK_JCCJC7rEx_qzVuwuLnACN7dSs/getUpdates "HTTP/1.1 200 OK"
2026-01-22 00:41:18,124 - [INFO] - httpx - HTTP Request: POST https://api.telegram.org/bot8469106065:AAFTuf6BK_JCCJC7rEx_qzVuwuLnACN7dSs/getUpdates "HTTP/1.1 200 OK"
2026-01-22 00:41:28,178 - [INFO] - httpx - HTTP Request: POST https://api.telegram.org/bot8469106065:AAFTuf6BK_JCCJC7rEx_qzVuwuLnACN7dSs/getUpdates "HTTP/1.1 200 OK"
2026-01-22 00:41:38,231 - [INFO] - httpx - HTTP Request: POST https://api.telegram.org/bot8469106065:AAFTuf6BK_JCCJC7rEx_qzVuwuLnACN7dSs/getUpdates "HTTP/1.1 200 OK"
2026-01-22 00:41:48,286 - [INFO] - httpx - HTTP Request: POST https://api.telegram.org/bot8469106065:AAFTuf6BK_JCCJC7rEx_qzVuwuLnACN7dSs/getUpdates "HTTP/1.1 200 OK"
2026-01-22 00:41:58,341 - [INFO] - httpx - HTTP Request: POST https://api.telegram.org/bot8469106065:AAFTuf6BK_JCCJC7rEx_qzVuwuLnACN7dSs/getUpdates "HTTP/1.1 200 OK"
2026-01-22 00:42:08,392 - [INFO] - httpx - HTTP Request: POST https://api.telegram.org/bot8469106065:AAFTuf6BK_JCCJC7rEx_qzVuwuLnACN7dSs/getUpdates "HTTP/1.1 200 OK"
2026-01-22 00:42:18,446 - [INFO] - httpx - HTTP Request: POST https://api.telegram.org/bot8469106065:AAFTuf6BK_JCCJC7rEx_qzVuwuLnACN7dSs/getUpdates "HTTP/1.1 200 OK"
2026-01-22 00:42:28,503 - [INFO] - httpx - HTTP Request: POST https://api.telegram.org/bot8469106065:AAFTuf6BK_JCCJC7rEx_qzVuwuLnACN7dSs/getUpdates "HTTP/1.1 200 OK"
2026-01-22 00:42:38,554 - [INFO] - httpx - HTTP Request: POST https://api.telegram.org/bot8469106065:AAFTuf6BK_JCCJC7rEx_qzVuwuLnACN7dSs/getUpdates "HTTP/1.1 200 OK"
2026-01-22 00:42:48,605 - [INFO] - httpx - HTTP Request: POST https://api.telegram.org/bot8469106065:AAFTuf6BK_JCCJC7rEx_qzVuwuLnACN7dSs/getUpdates "HTTP/1.1 200 OK"
2026-01-22 00:42:58,677 - [INFO] - httpx - HTTP Request: POST https://api.telegram.org/bot8469106065:AAFTuf6BK_JCCJC7rEx_qzVuwuLnACN7dSs/getUpdates "HTTP/1.1 200 OK"
2026-01-22 00:43:08,730 - [INFO] - httpx - HTTP Request: POST https://api.telegram.org/bot8469106065:AAFTuf6BK_JCCJC7rEx_qzVuwuLnACN7dSs/getUpdates "HTTP/1.1 200 OK"
2026-01-22 00:43:18,781 - [INFO] - httpx - HTTP Request: POST https://api.telegram.org/bot8469106065:AAFTuf6BK_JCCJC7rEx_qzVuwuLnACN7dSs/getUpdates "HTTP/1.1 200 OK"
2026-01-22 00:43:28,845 - [INFO] - httpx - HTTP Request: POST https://api.telegram.org/bot8469106065:AAFTuf6BK_JCCJC7rEx_qzVuwuLnACN7dSs/getUpdates "HTTP/1.1 200 OK"
2026-01-22 00:43:38,898 - [INFO] - httpx - HTTP Request: POST https://api.telegram.org/bot8469106065:AAFTuf6BK_JCCJC7rEx_qzVuwuLnACN7dSs/getUpdates "HTTP/1.1 200 OK"
2026-01-22 00:43:48,961 - [INFO] - httpx - HTTP Request: POST https://api.telegram.org/bot8469106065:AAFTuf6BK_JCCJC7rEx_qzVuwuLnACN7dSs/getUpdates "HTTP/1.1 200 OK"
2026-01-22 00:43:59,013 - [INFO] - httpx - HTTP Request: POST https://api.telegram.org/bot8469106065:AAFTuf6BK_JCCJC7rEx_qzVuwuLnACN7dSs/getUpdates "HTTP/1.1 200 OK"
2026-01-22 00:44:09,095 - [INFO] - httpx - HTTP Request: POST https://api.telegram.org/bot8469106065:AAFTuf6BK_JCCJC7rEx_qzVuwuLnACN7dSs/getUpdates "HTTP/1.1 200 OK"
2026-01-22 00:44:19,156 - [INFO] - httpx - HTTP Request: POST https://api.telegram.org/bot8469106065:AAFTuf6BK_JCCJC7rEx_qzVuwuLnACN7dSs/getUpdates "HTTP/1.1 200 OK"
2026-01-22 00:44:29,208 - [INFO] - httpx - HTTP Request: POST https://api.telegram.org/bot8469106065:AAFTuf6BK_JCCJC7rEx_qzVuwuLnACN7dSs/getUpdates "HTTP/1.1 200 OK"
2026-01-22 00:44:39,261 - [INFO] - httpx - HTTP Request: POST https://api.telegram.org/bot8469106065:AAFTuf6BK_JCCJC7rEx_qzVuwuLnACN7dSs/getUpdates "HTTP/1.1 200 OK"
2026-01-22 00:44:49,319 - [INFO] - httpx - HTTP Request: POST https://api.telegram.org/bot8469106065:AAFTuf6BK_JCCJC7rEx_qzVuwuLnACN7dSs/getUpdates "HTTP/1.1 200 OK"
2026-01-22 00:44:59,374 - [INFO] - httpx - HTTP Request: POST https://api.telegram.org/bot8469106065:AAFTuf6BK_JCCJC7rEx_qzVuwuLnACN7dSs/getUpdates "HTTP/1.1 200 OK"
2026-01-22 00:45:09,430 - [INFO] - httpx - HTTP Request: POST https://api.telegram.org/bot8469106065:AAFTuf6BK_JCCJC7rEx_qzVuwuLnACN7dSs/getUpdates "HTTP/1.1 200 OK"
2026-01-22 00:45:19,609 - [INFO] - httpx - HTTP Request: POST https://api.telegram.org/bot8469106065:AAFTuf6BK_JCCJC7rEx_qzVuwuLnACN7dSs/getUpdates "HTTP/1.1 200 OK"
2026-01-22 00:45:29,674 - [INFO] - httpx - HTTP Request: POST https://api.telegram.org/bot8469106065:AAFTuf6BK_JCCJC7rEx_qzVuwuLnACN7dSs/getUpdates "HTTP/1.1 200 OK"
2026-01-22 00:45:39,730 - [INFO] - httpx - HTTP Request: POST https://api.telegram.org/bot8469106065:AAFTuf6BK_JCCJC7rEx_qzVuwuLnACN7dSs/getUpdates "HTTP/1.1 200 OK"
2026-01-22 00:45:49,790 - [INFO] - httpx - HTTP Request: POST https://api.telegram.org/bot8469106065:AAFTuf6BK_JCCJC7rEx_qzVuwuLnACN7dSs/getUpdates "HTTP/1.1 200 OK"
2026-01-22 00:45:59,846 - [INFO] - httpx - HTTP Request: POST https://api.telegram.org/bot8469106065:AAFTuf6BK_JCCJC7rEx_qzVuwuLnACN7dSs/getUpdates "HTTP/1.1 200 OK"
2026-01-22 00:46:09,915 - [INFO] - httpx - HTTP Request: POST https://api.telegram.org/bot8469106065:AAFTuf6BK_JCCJC7rEx_qzVuwuLnACN7dSs/getUpdates "HTTP/1.1 200 OK"
2026-01-22 00:46:19,979 - [INFO] - httpx - HTTP Request: POST https://api.telegram.org/bot8469106065:AAFTuf6BK_JCCJC7rEx_qzVuwuLnACN7dSs/getUpdates "HTTP/1.1 200 OK"
2026-01-22 00:46:30,032 - [INFO] - httpx - HTTP Request: POST https://api.telegram.org/bot8469106065:AAFTuf6BK_JCCJC7rEx_qzVuwuLnACN7dSs/getUpdates "HTTP/1.1 200 OK"
2026-01-22 00:46:40,087 - [INFO] - httpx - HTTP Request: POST https://api.telegram.org/bot8469106065:AAFTuf6BK_JCCJC7rEx_qzVuwuLnACN7dSs/getUpdates "HTTP/1.1 200 OK"
2026-01-22 00:46:50,153 - [INFO] - httpx - HTTP Request: POST https://api.telegram.org/bot8469106065:AAFTuf6BK_JCCJC7rEx_qzVuwuLnACN7dSs/getUpdates "HTTP/1.1 200 OK"
2026-01-22 00:47:00,232 - [INFO] - httpx - HTTP Request: POST https://api.telegram.org/bot8469106065:AAFTuf6BK_JCCJC7rEx_qzVuwuLnACN7dSs/getUpdates "HTTP/1.1 200 OK"
2026-01-22 00:47:10,287 - [INFO] - httpx - HTTP Request: POST https://api.telegram.org/bot8469106065:AAFTuf6BK_JCCJC7rEx_qzVuwuLnACN7dSs/getUpdates "HTTP/1.1 200 OK"
2026-01-22 00:47:20,342 - [INFO] - httpx - HTTP Request: POST https://api.telegram.org/bot8469106065:AAFTuf6BK_JCCJC7rEx_qzVuwuLnACN7dSs/getUpdates "HTTP/1.1 200 OK"
2026-01-22 00:47:30,401 - [INFO] - httpx - HTTP Request: POST https://api.telegram.org/bot8469106065:AAFTuf6BK_JCCJC7rEx_qzVuwuLnACN7dSs/getUpdates "HTTP/1.1 200 OK"
2026-01-22 00:47:40,457 - [INFO] - httpx - HTTP Request: POST https://api.telegram.org/bot8469106065:AAFTuf6BK_JCCJC7rEx_qzVuwuLnACN7dSs/getUpdates "HTTP/1.1 200 OK"
2026-01-22 00:47:50,512 - [INFO] - httpx - HTTP Request: POST https://api.telegram.org/bot8469106065:AAFTuf6BK_JCCJC7rEx_qzVuwuLnACN7dSs/getUpdates "HTTP/1.1 200 OK"
2026-01-22 00:48:00,568 - [INFO] - httpx - HTTP Request: POST https://api.telegram.org/bot8469106065:AAFTuf6BK_JCCJC7rEx_qzVuwuLnACN7dSs/getUpdates "HTTP/1.1 200 OK"
2026-01-22 00:48:10,624 - [INFO] - httpx - HTTP Request: POST https://api.telegram.org/bot8469106065:AAFTuf6BK_JCCJC7rEx_qzVuwuLnACN7dSs/getUpdates "HTTP/1.1 200 OK"
2026-01-22 00:48:20,677 - [INFO] - httpx - HTTP Request: POST https://api.telegram.org/bot8469106065:AAFTuf6BK_JCCJC7rEx_qzVuwuLnACN7dSs/getUpdates "HTTP/1.1 200 OK"
2026-01-22 00:48:30,738 - [INFO] - httpx - HTTP Request: POST https://api.telegram.org/bot8469106065:AAFTuf6BK_JCCJC7rEx_qzVuwuLnACN7dSs/getUpdates "HTTP/1.1 200 OK"
2026-01-22 00:48:40,792 - [INFO] - httpx - HTTP Request: POST https://api.telegram.org/bot8469106065:AAFTuf6BK_JCCJC7rEx_qzVuwuLnACN7dSs/getUpdates "HTTP/1.1 200 OK"
2026-01-22 00:48:50,857 - [INFO] - httpx - HTTP Request: POST https://api.telegram.org/bot8469106065:AAFTuf6BK_JCCJC7rEx_qzVuwuLnACN7dSs/getUpdates "HTTP/1.1 200 OK"
2026-01-22 00:49:00,926 - [INFO] - httpx - HTTP Request: POST https://api.telegram.org/bot8469106065:AAFTuf6BK_JCCJC7rEx_qzVuwuLnACN7dSs/getUpdates "HTTP/1.1 200 OK"
2026-01-22 00:49:10,984 - [INFO] - httpx - HTTP Request: POST https://api.telegram.org/bot8469106065:AAFTuf6BK_JCCJC7rEx_qzVuwuLnACN7dSs/getUpdates "HTTP/1.1 200 OK"
2026-01-22 00:49:21,045 - [INFO] - httpx - HTTP Request: POST https://api.telegram.org/bot8469106065:AAFTuf6BK_JCCJC7rEx_qzVuwuLnACN7dSs/getUpdates "HTTP/1.1 200 OK"
2026-01-22 00:49:31,106 - [INFO] - httpx - HTTP Request: POST https://api.telegram.org/bot8469106065:AAFTuf6BK_JCCJC7rEx_qzVuwuLnACN7dSs/getUpdates "HTTP/1.1 200 OK"
2026-01-22 00:49:41,173 - [INFO] - httpx - HTTP Request: POST https://api.telegram.org/bot8469106065:AAFTuf6BK_JCCJC7rEx_qzVuwuLnACN7dSs/getUpdates "HTTP/1.1 200 OK"
2026-01-22 00:49:51,244 - [INFO] - httpx - HTTP Request: POST https://api.telegram.org/bot8469106065:AAFTuf6BK_JCCJC7rEx_qzVuwuLnACN7dSs/getUpdates "HTTP/1.1 200 OK"
2026-01-23 12:55:13,236 - [INFO] - SENTINEL_SYSTEM - === СИСТЕМА SENTINEL ЗАПУЩЕНА ===
2026-01-23 12:55:14,191 - [INFO] - SENTINEL_SYSTEM - SYSTEM_READY - STATUS: POLLING_STARTED
2026-01-23 12:55:14,521 - [INFO] - httpx - HTTP Request: POST https://api.telegram.org/bot8469106065:AAFTuf6BK_JCCJC7rEx_qzVuwuLnACN7dSs/getMe "HTTP/1.1 200 OK"
2026-01-23 12:55:14,553 - [INFO] - httpx - HTTP Request: POST https://api.telegram.org/bot8469106065:AAFTuf6BK_JCCJC7rEx_qzVuwuLnACN7dSs/deleteWebhook "HTTP/1.1 200 OK"
2026-01-23 12:55:14,554 - [INFO] - telegram.ext.Application - Application started
2026-01-23 12:55:26,273 - [INFO] - SENTINEL_SYSTEM - === СИСТЕМА SENTINEL ЗАПУЩЕНА ===
2026-01-23 12:55:27,158 - [INFO] - SENTINEL_SYSTEM - SYSTEM_READY - STATUS: POLLING_STARTED
2026-01-23 12:55:27,334 - [INFO] - httpx - HTTP Request: POST https://api.telegram.org/bot8469106065:AAFTuf6BK_JCCJC7rEx_qzVuwuLnACN7dSs/getMe "HTTP/1.1 200 OK"
2026-01-23 12:55:27,370 - [INFO] - httpx - HTTP Request: POST https://api.telegram.org/bot8469106065:AAFTuf6BK_JCCJC7rEx_qzVuwuLnACN7dSs/deleteWebhook "HTTP/1.1 200 OK"
2026-01-23 12:55:27,372 - [INFO] - telegram.ext.Application - Application started
2026-01-23 12:55:37,470 - [INFO] - httpx - HTTP Request: POST https://api.telegram.org/bot8469106065:AAFTuf6BK_JCCJC7rEx_qzVuwuLnACN7dSs/getUpdates "HTTP/1.1 200 OK"
2026-01-23 12:55:44,917 - [INFO] - httpx - HTTP Request: POST https://api.telegram.org/bot8469106065:AAFTuf6BK_JCCJC7rEx_qzVuwuLnACN7dSs/getUpdates "HTTP/1.1 200 OK"
2026-01-23 12:55:44,919 - [WARNING] - SENTINEL_SYSTEM - SYSTEM_CLEANUP_INITIATED - USER: @asperatus99
2026-01-23 12:55:45,114 - [INFO] - httpx - HTTP Request: POST https://api.telegram.org/bot8469106065:AAFTuf6BK_JCCJC7rEx_qzVuwuLnACN7dSs/sendMessage "HTTP/1.1 200 OK"
2026-01-23 12:55:45,126 - [INFO] - SENTINEL_SYSTEM - SYSTEM_CLEANUP_COMPLETE - FILES_REMOVED: 25 - USER: @asperatus99
2026-01-23 12:55:45,215 - [INFO] - httpx - HTTP Request: POST https://api.telegram.org/bot8469106065:AAFTuf6BK_JCCJC7rEx_qzVuwuLnACN7dSs/sendMessage "HTTP/1.1 200 OK"
2026-01-23 12:55:54,954 - [INFO] - httpx - HTTP Request: POST https://api.telegram.org/bot8469106065:AAFTuf6BK_JCCJC7rEx_qzVuwuLnACN7dSs/getUpdates "HTTP/1.1 200 OK"
2026-01-23 12:55:55,368 - [INFO] - httpx - HTTP Request: POST https://api.telegram.org/bot8469106065:AAFTuf6BK_JCCJC7rEx_qzVuwuLnACN7dSs/getUpdates "HTTP/1.1 200 OK"
2026-01-23 12:55:55,369 - [INFO] - SENTINEL_SYSTEM - USER_ACTION - USER: @asperatus99 - CMD: /api - STATUS: RESERVED
2026-01-23 12:55:55,369 - [INFO] - SENTINEL_SYSTEM - USER_ACTION - USER: @asperatus99 - CMD: /api
2026-01-23 12:55:55,497 - [INFO] - httpx - HTTP Request: POST https://api.telegram.org/bot8469106065:AAFTuf6BK_JCCJC7rEx_qzVuwuLnACN7dSs/sendMessage "HTTP/1.1 200 OK"
2026-01-23 12:55:55,498 - [INFO] - SENTINEL_SYSTEM - AUDIT - USER: @asperatus99 - EXEC_CMD: pytest -s -v "D:\PyCharm\Diploma-project\alex_talako\pom_site\test\api" --alluredir="D:\PyCharm\Diploma-project\allure-results"
2026-01-23 12:55:55,519 - [INFO] - SENTINEL_SYSTEM - PROCESS_STARTED - PID: 11168 - USER: @asperatus99
2026-01-23 12:55:56,734 - [INFO] - httpx - HTTP Request: POST https://api.telegram.org/bot8469106065:AAFTuf6BK_JCCJC7rEx_qzVuwuLnACN7dSs/getUpdates "HTTP/1.1 200 OK"
2026-01-23 12:56:06,767 - [INFO] - httpx - HTTP Request: POST https://api.telegram.org/bot8469106065:AAFTuf6BK_JCCJC7rEx_qzVuwuLnACN7dSs/getUpdates "HTTP/1.1 200 OK"
2026-01-23 12:56:16,811 - [INFO] - httpx - HTTP Request: POST https://api.telegram.org/bot8469106065:AAFTuf6BK_JCCJC7rEx_qzVuwuLnACN7dSs/getUpdates "HTTP/1.1 200 OK"
2026-01-23 12:56:25,547 - [INFO] - httpx - HTTP Request: POST https://api.telegram.org/bot8469106065:AAFTuf6BK_JCCJC7rEx_qzVuwuLnACN7dSs/getUpdates "HTTP/1.1 200 OK"
2026-01-23 12:56:31,664 - [WARNING] - SENTINEL_SYSTEM - PROCESS_FAILED - PID: 11168 - EXIT_CODE: 1
2026-01-23 12:56:31,664 - [WARNING] - SENTINEL_SYSTEM - TEST_RESULTS - STATUS: FAILED
2026-01-23 12:56:31,804 - [INFO] - httpx - HTTP Request: POST https://api.telegram.org/bot8469106065:AAFTuf6BK_JCCJC7rEx_qzVuwuLnACN7dSs/sendMessage "HTTP/1.1 200 OK"
2026-01-23 12:56:31,806 - [INFO] - SENTINEL_SYSTEM - USER_ACTION - USER: @asperatus99 - CMD: /ui - STATUS: RESERVED
2026-01-23 12:56:31,806 - [INFO] - SENTINEL_SYSTEM - USER_ACTION - USER: @asperatus99 - CMD: /ui
2026-01-23 12:56:31,878 - [INFO] - httpx - HTTP Request: POST https://api.telegram.org/bot8469106065:AAFTuf6BK_JCCJC7rEx_qzVuwuLnACN7dSs/sendMessage "HTTP/1.1 200 OK"
2026-01-23 12:56:31,880 - [INFO] - SENTINEL_SYSTEM - FILESYSTEM - ACTION: CLEANING_DIRECTORY - PATH: D:\PyCharm\Diploma-project\allure-results
2026-01-23 12:56:32,280 - [INFO] - SENTINEL_SYSTEM - FILESYSTEM - CLEANUP_COMPLETE - REMOVED: 284 files
2026-01-23 12:56:32,281 - [INFO] - SENTINEL_SYSTEM - AUDIT - USER: @asperatus99 - EXEC_CMD: pytest -s -v "D:\PyCharm\Diploma-project\alex_talako\pom_site\test\ui" --alluredir="D:\PyCharm\Diploma-project\allure-results"
2026-01-23 12:56:32,291 - [INFO] - SENTINEL_SYSTEM - PROCESS_STARTED - PID: 3460 - USER: @asperatus99
2026-01-23 12:56:35,581 - [INFO] - httpx - HTTP Request: POST https://api.telegram.org/bot8469106065:AAFTuf6BK_JCCJC7rEx_qzVuwuLnACN7dSs/getUpdates "HTTP/1.1 200 OK"
2026-01-23 12:56:45,619 - [INFO] - httpx - HTTP Request: POST https://api.telegram.org/bot8469106065:AAFTuf6BK_JCCJC7rEx_qzVuwuLnACN7dSs/getUpdates "HTTP/1.1 200 OK"
2026-01-23 12:56:55,772 - [INFO] - httpx - HTTP Request: POST https://api.telegram.org/bot8469106065:AAFTuf6BK_JCCJC7rEx_qzVuwuLnACN7dSs/getUpdates "HTTP/1.1 200 OK"
2026-01-23 12:57:05,808 - [INFO] - httpx - HTTP Request: POST https://api.telegram.org/bot8469106065:AAFTuf6BK_JCCJC7rEx_qzVuwuLnACN7dSs/getUpdates "HTTP/1.1 200 OK"
2026-01-23 12:57:15,846 - [INFO] - httpx - HTTP Request: POST https://api.telegram.org/bot8469106065:AAFTuf6BK_JCCJC7rEx_qzVuwuLnACN7dSs/getUpdates "HTTP/1.1 200 OK"
2026-01-23 12:57:25,879 - [INFO] - httpx - HTTP Request: POST https://api.telegram.org/bot8469106065:AAFTuf6BK_JCCJC7rEx_qzVuwuLnACN7dSs/getUpdates "HTTP/1.1 200 OK"
2026-01-23 12:57:35,912 - [INFO] - httpx - HTTP Request: POST https://api.telegram.org/bot8469106065:AAFTuf6BK_JCCJC7rEx_qzVuwuLnACN7dSs/getUpdates "HTTP/1.1 200 OK"
2026-01-23 12:57:45,947 - [INFO] - httpx - HTTP Request: POST https://api.telegram.org/bot8469106065:AAFTuf6BK_JCCJC7rEx_qzVuwuLnACN7dSs/getUpdates "HTTP/1.1 200 OK"
2026-01-23 12:57:55,983 - [INFO] - httpx - HTTP Request: POST https://api.telegram.org/bot8469106065:AAFTuf6BK_JCCJC7rEx_qzVuwuLnACN7dSs/getUpdates "HTTP/1.1 200 OK"
2026-01-23 12:58:06,017 - [INFO] - httpx - HTTP Request: POST https://api.telegram.org/bot8469106065:AAFTuf6BK_JCCJC7rEx_qzVuwuLnACN7dSs/getUpdates "HTTP/1.1 200 OK"
2026-01-23 12:58:16,056 - [INFO] - httpx - HTTP Request: POST https://api.telegram.org/bot8469106065:AAFTuf6BK_JCCJC7rEx_qzVuwuLnACN7dSs/getUpdates "HTTP/1.1 200 OK"
2026-01-23 12:58:26,088 - [INFO] - httpx - HTTP Request: POST https://api.telegram.org/bot8469106065:AAFTuf6BK_JCCJC7rEx_qzVuwuLnACN7dSs/getUpdates "HTTP/1.1 200 OK"
2026-01-23 12:58:30,870 - [INFO] - httpx - HTTP Request: POST https://api.telegram.org/bot8469106065:AAFTuf6BK_JCCJC7rEx_qzVuwuLnACN7dSs/getUpdates "HTTP/1.1 200 OK"
2026-01-23 12:58:30,871 - [INFO] - telegram.ext.Application - Application is stopping. This might take a moment.
